# JRE version: OpenJDK Runtime Environment (21.0.8) (build 21.0.8+-14018985-b1038.68)
# Java VM: OpenJDK 64-Bit Server VM (21.0.8+-14018985-b1038.68, mixed mode, tiered, compressed oops, compressed class ptrs, g1 gc, windows-amd64)
GC Precious Log:
 CardTable entry size: 512
 Card Set container configuration: InlinePtr #cards 5 size 8 Array Of Cards #cards 12 size 40 Howl #buckets 4 coarsen threshold 1843 Howl Bitmap #cards 512 size 80 coarsen threshold 460 Card regions per heap region 1 cards per card region 2048
 CPUs: 8 total, 8 available
 Memory: 5877M
 Large Page Support: Disabled
 NUMA Support: Disabled
 Compressed Oops: Enabled (32-bit)
 Heap Region Size: 1M
 Heap Min Capacity: 8M
 Heap Initial Capacity: 92M
 Heap Max Capacity: 2G
 Pre-touch: Disabled
 Parallel Workers: 8
 Concurrent Workers: 2
 Concurrent Refinement Workers: 8
 Periodic GC: Disabled
Heap:
 garbage-first heap   total 115712K, used 78761K [0x0000000080000000, 0x0000000100000000)
  region size 1024K, 2 young (2048K), 2 survivors (2048K)
 Metaspace       used 75643K, committed 77376K, reserved 1179648K
  class space    used 10570K, committed 11392K, reserved 1048576K
GC Heap History (20 events):
Event: 24.535 GC heap after
{Heap after GC invocations=13 (full 0):
 garbage-first heap   total 103424K, used 41231K [0x0000000080000000, 0x0000000100000000)
  region size 1024K, 7 young (7168K), 7 survivors (7168K)
 Metaspace       used 56637K, committed 58112K, reserved 1114112K
  class space    used 7973K, committed 8704K, reserved 1048576K
}
Event: 25.292 GC heap before
{Heap before GC invocations=13 (full 0):
 garbage-first heap   total 103424K, used 76047K [0x0000000080000000, 0x0000000100000000)
  region size 1024K, 41 young (41984K), 7 survivors (7168K)
 Metaspace       used 58651K, committed 60096K, reserved 1114112K
  class space    used 8147K, committed 8832K, reserved 1048576K
}
Event: 25.298 GC heap after
{Heap after GC invocations=14 (full 0):
 garbage-first heap   total 103424K, used 42632K [0x0000000080000000, 0x0000000100000000)
  region size 1024K, 2 young (2048K), 2 survivors (2048K)
 Metaspace       used 58651K, committed 60096K, reserved 1114112K
  class space    used 8147K, committed 8832K, reserved 1048576K
}
Event: 26.762 GC heap before
{Heap before GC invocations=15 (full 0):
 garbage-first heap   total 103424K, used 88712K [0x0000000080000000, 0x0000000100000000)
  region size 1024K, 47 young (48128K), 2 survivors (2048K)
 Metaspace       used 65206K, committed 66752K, reserved 1114112K
  class space    used 9130K, committed 9856K, reserved 1048576K
}
Event: 26.766 GC heap after
{Heap after GC invocations=16 (full 0):
 garbage-first heap   total 103424K, used 44532K [0x0000000080000000, 0x0000000100000000)
  region size 1024K, 4 young (4096K), 4 survivors (4096K)
 Metaspace       used 65206K, committed 66752K, reserved 1114112K
  class space    used 9130K, committed 9856K, reserved 1048576K
}
Event: 28.658 GC heap before
{Heap before GC invocations=16 (full 0):
 garbage-first heap   total 103424K, used 89588K [0x0000000080000000, 0x0000000100000000)
  region size 1024K, 49 young (50176K), 4 survivors (4096K)
 Metaspace       used 70552K, committed 72256K, reserved 1114112K
  class space    used 10013K, committed 10816K, reserved 1048576K
}
Event: 28.665 GC heap after
{Heap after GC invocations=17 (full 0):
 garbage-first heap   total 103424K, used 47389K [0x0000000080000000, 0x0000000100000000)
  region size 1024K, 7 young (7168K), 7 survivors (7168K)
 Metaspace       used 70552K, committed 72256K, reserved 1114112K
  class space    used 10013K, committed 10816K, reserved 1048576K
}
Event: 30.028 GC heap before
{Heap before GC invocations=17 (full 0):
 garbage-first heap   total 103424K, used 88349K [0x0000000080000000, 0x0000000100000000)
  region size 1024K, 48 young (49152K), 7 survivors (7168K)
 Metaspace       used 72521K, committed 74304K, reserved 1114112K
  class space    used 10231K, committed 11072K, reserved 1048576K
}
Event: 30.035 GC heap after
{Heap after GC invocations=18 (full 0):
 garbage-first heap   total 103424K, used 51872K [0x0000000080000000, 0x0000000100000000)
  region size 1024K, 6 young (6144K), 6 survivors (6144K)
 Metaspace       used 72521K, committed 74304K, reserved 1114112K
  class space    used 10231K, committed 11072K, reserved 1048576K
}
Event: 30.361 GC heap before
{Heap before GC invocations=18 (full 0):
 garbage-first heap   total 103424K, used 89760K [0x0000000080000000, 0x0000000100000000)
  region size 1024K, 44 young (45056K), 6 survivors (6144K)
 Metaspace       used 72790K, committed 74560K, reserved 1114112K
  class space    used 10231K, committed 11072K, reserved 1048576K
}
Event: 30.367 GC heap after
{Heap after GC invocations=19 (full 0):
 garbage-first heap   total 103424K, used 55241K [0x0000000080000000, 0x0000000100000000)
  region size 1024K, 4 young (4096K), 4 survivors (4096K)
 Metaspace       used 72790K, committed 74560K, reserved 1114112K
  class space    used 10231K, committed 11072K, reserved 1048576K
}
Event: 30.658 GC heap before
{Heap before GC invocations=20 (full 0):
 garbage-first heap   total 103424K, used 90057K [0x0000000080000000, 0x0000000100000000)
  region size 1024K, 39 young (39936K), 4 survivors (4096K)
 Metaspace       used 72910K, committed 74624K, reserved 1114112K
  class space    used 10231K, committed 11072K, reserved 1048576K
}
Event: 30.663 GC heap after
{Heap after GC invocations=21 (full 0):
 garbage-first heap   total 103424K, used 55950K [0x0000000080000000, 0x0000000100000000)
  region size 1024K, 4 young (4096K), 4 survivors (4096K)
 Metaspace       used 72910K, committed 74624K, reserved 1114112K
  class space    used 10231K, committed 11072K, reserved 1048576K
}
Event: 30.942 GC heap before
{Heap before GC invocations=21 (full 0):
 garbage-first heap   total 103424K, used 90766K [0x0000000080000000, 0x0000000100000000)
  region size 1024K, 39 young (39936K), 4 survivors (4096K)
 Metaspace       used 72930K, committed 74624K, reserved 1114112K
  class space    used 10231K, committed 11072K, reserved 1048576K
}
Event: 30.946 GC heap after
{Heap after GC invocations=22 (full 0):
 garbage-first heap   total 103424K, used 55352K [0x0000000080000000, 0x0000000100000000)
  region size 1024K, 4 young (4096K), 4 survivors (4096K)
 Metaspace       used 72930K, committed 74624K, reserved 1114112K
  class space    used 10231K, committed 11072K, reserved 1048576K
}
Event: 31.112 GC heap before
{Heap before GC invocations=22 (full 0):
 garbage-first heap   total 103424K, used 91192K [0x0000000080000000, 0x0000000100000000)
  region size 1024K, 40 young (40960K), 4 survivors (4096K)
 Metaspace       used 72934K, committed 74624K, reserved 1114112K
  class space    used 10231K, committed 11072K, reserved 1048576K
}
Event: 31.116 GC heap after
{Heap after GC invocations=23 (full 0):
 garbage-first heap   total 103424K, used 56262K [0x0000000080000000, 0x0000000100000000)
  region size 1024K, 4 young (4096K), 4 survivors (4096K)
 Metaspace       used 72934K, committed 74624K, reserved 1114112K
  class space    used 10231K, committed 11072K, reserved 1048576K
}
Event: 35.947 GC heap before
{Heap before GC invocations=24 (full 0):
 garbage-first heap   total 103424K, used 101318K [0x0000000080000000, 0x0000000100000000)
  region size 1024K, 36 young (36864K), 4 survivors (4096K)
 Metaspace       used 73653K, committed 75392K, reserved 1114112K
  class space    used 10317K, committed 11136K, reserved 1048576K
}
Event: 36.956 GC heap after
{Heap after GC invocations=25 (full 0):
 garbage-first heap   total 115712K, used 76970K [0x0000000080000000, 0x0000000100000000)
  region size 1024K, 5 young (5120K), 5 survivors (5120K)
 Metaspace       used 73653K, committed 75392K, reserved 1114112K
  class space    used 10317K, committed 11136K, reserved 1048576K
}
Event: 37.344 GC heap before
{Heap before GC invocations=25 (full 0):
 garbage-first heap   total 115712K, used 101546K [0x0000000080000000, 0x0000000100000000)
  region size 1024K, 29 young (29696K), 5 survivors (5120K)
 Metaspace       used 75643K, committed 77376K, reserved 1179648K
  class space    used 10570K, committed 11392K, reserved 1048576K
}

