# JRE version: OpenJDK Runtime Environment (21.0.8) (build 21.0.8+-14018985-b1038.68)
# Java VM: OpenJDK 64-Bit Server VM (21.0.8+-14018985-b1038.68, mixed mode, tiered, compressed oops, compressed class ptrs, g1 gc, windows-amd64)
GC Precious Log:
 CardTable entry size: 512
 Card Set container configuration: InlinePtr #cards 5 size 8 Array Of Cards #cards 12 size 40 Howl #buckets 4 coarsen threshold 1843 Howl Bitmap #cards 512 size 80 coarsen threshold 460 Card regions per heap region 1 cards per card region 2048
 CPUs: 8 total, 8 available
 Memory: 5877M
 Large Page Support: Disabled
 NUMA Support: Disabled
 Compressed Oops: Enabled (32-bit)
 Heap Region Size: 1M
 Heap Min Capacity: 8M
 Heap Initial Capacity: 92M
 Heap Max Capacity: 2G
 Pre-touch: Disabled
 Parallel Workers: 8
 Concurrent Workers: 2
 Concurrent Refinement Workers: 8
 Periodic GC: Disabled
Heap:
 garbage-first heap   total 270336K, used 212125K [0x0000000080000000, 0x0000000100000000)
  region size 1024K, 55 young (56320K), 7 survivors (7168K)
 Metaspace       used 118971K, committed 121280K, reserved 1179648K
  class space    used 16377K, committed 17472K, reserved 1048576K
GC Heap History (20 events):
Event: 98.617 GC heap before
{Heap before GC invocations=39 (full 0):
 garbage-first heap   total 225280K, used 195888K [0x0000000080000000, 0x0000000100000000)
  region size 1024K, 66 young (67584K), 8 survivors (8192K)
 Metaspace       used 94911K, committed 96896K, reserved 1179648K
  class space    used 13119K, committed 14080K, reserved 1048576K
}
Event: 98.672 GC heap after
{Heap after GC invocations=40 (full 0):
 garbage-first heap   total 225280K, used 137138K [0x0000000080000000, 0x0000000100000000)
  region size 1024K, 3 young (3072K), 3 survivors (3072K)
 Metaspace       used 94911K, committed 96896K, reserved 1179648K
  class space    used 13119K, committed 14080K, reserved 1048576K
}
Event: 103.473 GC heap before
{Heap before GC invocations=40 (full 0):
 garbage-first heap   total 225280K, used 198578K [0x0000000080000000, 0x0000000100000000)
  region size 1024K, 63 young (64512K), 3 survivors (3072K)
 Metaspace       used 97645K, committed 99648K, reserved 1179648K
  class space    used 13529K, committed 14528K, reserved 1048576K
}
Event: 103.513 GC heap after
{Heap after GC invocations=41 (full 0):
 garbage-first heap   total 225280K, used 142238K [0x0000000080000000, 0x0000000100000000)
  region size 1024K, 8 young (8192K), 8 survivors (8192K)
 Metaspace       used 97645K, committed 99648K, reserved 1179648K
  class space    used 13529K, committed 14528K, reserved 1048576K
}
Event: 110.964 GC heap before
{Heap before GC invocations=42 (full 0):
 garbage-first heap   total 239616K, used 202654K [0x0000000080000000, 0x0000000100000000)
  region size 1024K, 67 young (68608K), 8 survivors (8192K)
 Metaspace       used 101207K, committed 103360K, reserved 1179648K
  class space    used 14028K, committed 15104K, reserved 1048576K
}
Event: 110.998 GC heap after
{Heap after GC invocations=43 (full 0):
 garbage-first heap   total 239616K, used 144115K [0x0000000080000000, 0x0000000100000000)
  region size 1024K, 5 young (5120K), 5 survivors (5120K)
 Metaspace       used 101207K, committed 103360K, reserved 1179648K
  class space    used 14028K, committed 15104K, reserved 1048576K
}
Event: 116.667 GC heap before
{Heap before GC invocations=43 (full 0):
 garbage-first heap   total 239616K, used 215795K [0x0000000080000000, 0x0000000100000000)
  region size 1024K, 75 young (76800K), 5 survivors (5120K)
 Metaspace       used 106643K, committed 108800K, reserved 1179648K
  class space    used 14930K, committed 16000K, reserved 1048576K
}
Event: 116.675 GC heap after
{Heap after GC invocations=44 (full 0):
 garbage-first heap   total 239616K, used 146305K [0x0000000080000000, 0x0000000100000000)
  region size 1024K, 7 young (7168K), 7 survivors (7168K)
 Metaspace       used 106643K, committed 108800K, reserved 1179648K
  class space    used 14930K, committed 16000K, reserved 1048576K
}
Event: 120.707 GC heap before
{Heap before GC invocations=44 (full 0):
 garbage-first heap   total 239616K, used 225153K [0x0000000080000000, 0x0000000100000000)
  region size 1024K, 78 young (79872K), 7 survivors (7168K)
 Metaspace       used 113352K, committed 115584K, reserved 1179648K
  class space    used 15707K, committed 16832K, reserved 1048576K
}
Event: 120.742 GC heap after
{Heap after GC invocations=45 (full 0):
 garbage-first heap   total 242688K, used 153871K [0x0000000080000000, 0x0000000100000000)
  region size 1024K, 9 young (9216K), 9 survivors (9216K)
 Metaspace       used 113352K, committed 115584K, reserved 1179648K
  class space    used 15707K, committed 16832K, reserved 1048576K
}
Event: 123.683 GC heap before
{Heap before GC invocations=45 (full 0):
 garbage-first heap   total 242688K, used 218383K [0x0000000080000000, 0x0000000100000000)
  region size 1024K, 73 young (74752K), 9 survivors (9216K)
 Metaspace       used 116779K, committed 119040K, reserved 1179648K
  class space    used 16205K, committed 17280K, reserved 1048576K
}
Event: 123.716 GC heap after
{Heap after GC invocations=46 (full 0):
 garbage-first heap   total 242688K, used 158442K [0x0000000080000000, 0x0000000100000000)
  region size 1024K, 5 young (5120K), 5 survivors (5120K)
 Metaspace       used 116779K, committed 119040K, reserved 1179648K
  class space    used 16205K, committed 17280K, reserved 1048576K
}
Event: 124.823 GC heap before
{Heap before GC invocations=47 (full 0):
 garbage-first heap   total 265216K, used 222954K [0x0000000080000000, 0x0000000100000000)
  region size 1024K, 68 young (69632K), 5 survivors (5120K)
 Metaspace       used 116779K, committed 119040K, reserved 1179648K
  class space    used 16205K, committed 17280K, reserved 1048576K
}
Event: 124.833 GC heap after
{Heap after GC invocations=48 (full 0):
 garbage-first heap   total 265216K, used 159611K [0x0000000080000000, 0x0000000100000000)
  region size 1024K, 7 young (7168K), 7 survivors (7168K)
 Metaspace       used 116779K, committed 119040K, reserved 1179648K
  class space    used 16205K, committed 17280K, reserved 1048576K
}
Event: 125.771 GC heap before
{Heap before GC invocations=48 (full 0):
 garbage-first heap   total 265216K, used 240507K [0x0000000080000000, 0x0000000100000000)
  region size 1024K, 86 young (88064K), 7 survivors (7168K)
 Metaspace       used 116779K, committed 119040K, reserved 1179648K
  class space    used 16205K, committed 17280K, reserved 1048576K
}
Event: 125.785 GC heap after
{Heap after GC invocations=49 (full 0):
 garbage-first heap   total 265216K, used 159485K [0x0000000080000000, 0x0000000100000000)
  region size 1024K, 6 young (6144K), 6 survivors (6144K)
 Metaspace       used 116779K, committed 119040K, reserved 1179648K
  class space    used 16205K, committed 17280K, reserved 1048576K
}
Event: 127.376 GC heap before
{Heap before GC invocations=49 (full 0):
 garbage-first heap   total 265216K, used 243453K [0x0000000080000000, 0x0000000100000000)
  region size 1024K, 88 young (90112K), 6 survivors (6144K)
 Metaspace       used 116779K, committed 119040K, reserved 1179648K
  class space    used 16205K, committed 17280K, reserved 1048576K
}
Event: 127.384 GC heap after
{Heap after GC invocations=50 (full 0):
 garbage-first heap   total 265216K, used 161141K [0x0000000080000000, 0x0000000100000000)
  region size 1024K, 8 young (8192K), 8 survivors (8192K)
 Metaspace       used 116779K, committed 119040K, reserved 1179648K
  class space    used 16205K, committed 17280K, reserved 1048576K
}
Event: 129.028 GC heap before
{Heap before GC invocations=51 (full 0):
 garbage-first heap   total 270336K, used 242037K [0x0000000080000000, 0x0000000100000000)
  region size 1024K, 87 young (89088K), 8 survivors (8192K)
 Metaspace       used 116779K, committed 119040K, reserved 1179648K
  class space    used 16205K, committed 17280K, reserved 1048576K
}
Event: 129.044 GC heap after
{Heap after GC invocations=52 (full 0):
 garbage-first heap   total 270336K, used 162973K [0x0000000080000000, 0x0000000100000000)
  region size 1024K, 7 young (7168K), 7 survivors (7168K)
 Metaspace       used 116779K, committed 119040K, reserved 1179648K
  class space    used 16205K, committed 17280K, reserved 1048576K
}

