# JRE version: OpenJDK Runtime Environment (21.0.8) (build 21.0.8+-14018985-b1038.68)
# Java VM: OpenJDK 64-Bit Server VM (21.0.8+-14018985-b1038.68, mixed mode, tiered, compressed oops, compressed class ptrs, g1 gc, windows-amd64)
GC Precious Log:
 CardTable entry size: 512
 Card Set container configuration: InlinePtr #cards 5 size 8 Array Of Cards #cards 12 size 40 Howl #buckets 4 coarsen threshold 1843 Howl Bitmap #cards 512 size 80 coarsen threshold 460 Card regions per heap region 1 cards per card region 2048
 CPUs: 8 total, 8 available
 Memory: 5877M
 Large Page Support: Disabled
 NUMA Support: Disabled
 Compressed Oops: Enabled (32-bit)
 Heap Region Size: 1M
 Heap Min Capacity: 8M
 Heap Initial Capacity: 92M
 Heap Max Capacity: 2G
 Pre-touch: Disabled
 Parallel Workers: 8
 Concurrent Workers: 2
 Concurrent Refinement Workers: 8
 Periodic GC: Disabled
Heap:
 garbage-first heap   total 165888K, used 137064K [0x0000000080000000, 0x0000000100000000)
  region size 1024K, 42 young (43008K), 6 survivors (6144K)
 Metaspace       used 108866K, committed 110976K, reserved 1179648K
  class space    used 15236K, committed 16256K, reserved 1048576K
GC Heap History (20 events):
Event: 18.352 GC heap before
{Heap before GC invocations=31 (full 0):
 garbage-first heap   total 120832K, used 105196K [0x0000000080000000, 0x0000000100000000)
  region size 1024K, 32 young (32768K), 4 survivors (4096K)
 Metaspace       used 78896K, committed 80704K, reserved 1179648K
  class space    used 10918K, committed 11776K, reserved 1048576K
}
Event: 18.355 GC heap after
{Heap after GC invocations=32 (full 0):
 garbage-first heap   total 120832K, used 78611K [0x0000000080000000, 0x0000000100000000)
  region size 1024K, 1 young (1024K), 1 survivors (1024K)
 Metaspace       used 78896K, committed 80704K, reserved 1179648K
  class space    used 10918K, committed 11776K, reserved 1048576K
}
Event: 18.939 GC heap before
{Heap before GC invocations=33 (full 0):
 garbage-first heap   total 132096K, used 109331K [0x0000000080000000, 0x0000000100000000)
  region size 1024K, 31 young (31744K), 1 survivors (1024K)
 Metaspace       used 82044K, committed 83840K, reserved 1179648K
  class space    used 11284K, committed 12160K, reserved 1048576K
}
Event: 18.943 GC heap after
{Heap after GC invocations=34 (full 0):
 garbage-first heap   total 132096K, used 79562K [0x0000000080000000, 0x0000000100000000)
  region size 1024K, 2 young (2048K), 2 survivors (2048K)
 Metaspace       used 82044K, committed 83840K, reserved 1179648K
  class space    used 11284K, committed 12160K, reserved 1048576K
}
Event: 19.719 GC heap before
{Heap before GC invocations=34 (full 0):
 garbage-first heap   total 132096K, used 124618K [0x0000000080000000, 0x0000000100000000)
  region size 1024K, 42 young (43008K), 2 survivors (2048K)
 Metaspace       used 85507K, committed 87424K, reserved 1179648K
  class space    used 11823K, committed 12736K, reserved 1048576K
}
Event: 19.726 GC heap after
{Heap after GC invocations=35 (full 0):
 garbage-first heap   total 135168K, used 84101K [0x0000000080000000, 0x0000000100000000)
  region size 1024K, 6 young (6144K), 6 survivors (6144K)
 Metaspace       used 85507K, committed 87424K, reserved 1179648K
  class space    used 11823K, committed 12736K, reserved 1048576K
}
Event: 20.291 GC heap before
{Heap before GC invocations=35 (full 0):
 garbage-first heap   total 135168K, used 119941K [0x0000000080000000, 0x0000000100000000)
  region size 1024K, 41 young (41984K), 6 survivors (6144K)
 Metaspace       used 88346K, committed 90240K, reserved 1179648K
  class space    used 12178K, committed 13056K, reserved 1048576K
}
Event: 20.296 GC heap after
{Heap after GC invocations=36 (full 0):
 garbage-first heap   total 135168K, used 86890K [0x0000000080000000, 0x0000000100000000)
  region size 1024K, 3 young (3072K), 3 survivors (3072K)
 Metaspace       used 88346K, committed 90240K, reserved 1179648K
  class space    used 12178K, committed 13056K, reserved 1048576K
}
Event: 21.176 GC heap before
{Heap before GC invocations=37 (full 0):
 garbage-first heap   total 147456K, used 121706K [0x0000000080000000, 0x0000000100000000)
  region size 1024K, 38 young (38912K), 3 survivors (3072K)
 Metaspace       used 92338K, committed 94272K, reserved 1179648K
  class space    used 12700K, committed 13632K, reserved 1048576K
}
Event: 21.179 GC heap after
{Heap after GC invocations=38 (full 0):
 garbage-first heap   total 147456K, used 88124K [0x0000000080000000, 0x0000000100000000)
  region size 1024K, 4 young (4096K), 4 survivors (4096K)
 Metaspace       used 92338K, committed 94272K, reserved 1179648K
  class space    used 12700K, committed 13632K, reserved 1048576K
}
Event: 22.205 GC heap before
{Heap before GC invocations=38 (full 0):
 garbage-first heap   total 147456K, used 137276K [0x0000000080000000, 0x0000000100000000)
  region size 1024K, 49 young (50176K), 4 survivors (4096K)
 Metaspace       used 95893K, committed 97856K, reserved 1179648K
  class space    used 13211K, committed 14144K, reserved 1048576K
}
Event: 22.210 GC heap after
{Heap after GC invocations=39 (full 0):
 garbage-first heap   total 147456K, used 93299K [0x0000000080000000, 0x0000000100000000)
  region size 1024K, 6 young (6144K), 6 survivors (6144K)
 Metaspace       used 95893K, committed 97856K, reserved 1179648K
  class space    used 13211K, committed 14144K, reserved 1048576K
}
Event: 22.738 GC heap before
{Heap before GC invocations=39 (full 0):
 garbage-first heap   total 147456K, used 132211K [0x0000000080000000, 0x0000000100000000)
  region size 1024K, 44 young (45056K), 6 survivors (6144K)
 Metaspace       used 97078K, committed 99072K, reserved 1179648K
  class space    used 13398K, committed 14336K, reserved 1048576K
}
Event: 22.744 GC heap after
{Heap after GC invocations=40 (full 0):
 garbage-first heap   total 147456K, used 96911K [0x0000000080000000, 0x0000000100000000)
  region size 1024K, 6 young (6144K), 6 survivors (6144K)
 Metaspace       used 97078K, committed 99072K, reserved 1179648K
  class space    used 13398K, committed 14336K, reserved 1048576K
}
Event: 23.229 GC heap before
{Heap before GC invocations=40 (full 0):
 garbage-first heap   total 147456K, used 132751K [0x0000000080000000, 0x0000000100000000)
  region size 1024K, 41 young (41984K), 6 survivors (6144K)
 Metaspace       used 99516K, committed 101504K, reserved 1179648K
  class space    used 13710K, committed 14656K, reserved 1048576K
}
Event: 23.234 GC heap after
{Heap after GC invocations=41 (full 0):
 garbage-first heap   total 147456K, used 98942K [0x0000000080000000, 0x0000000100000000)
  region size 1024K, 3 young (3072K), 3 survivors (3072K)
 Metaspace       used 99516K, committed 101504K, reserved 1179648K
  class space    used 13710K, committed 14656K, reserved 1048576K
}
Event: 23.951 GC heap before
{Heap before GC invocations=42 (full 0):
 garbage-first heap   total 165888K, used 134782K [0x0000000080000000, 0x0000000100000000)
  region size 1024K, 38 young (38912K), 3 survivors (3072K)
 Metaspace       used 102165K, committed 104192K, reserved 1179648K
  class space    used 14113K, committed 15104K, reserved 1048576K
}
Event: 23.954 GC heap after
{Heap after GC invocations=43 (full 0):
 garbage-first heap   total 165888K, used 99716K [0x0000000080000000, 0x0000000100000000)
  region size 1024K, 4 young (4096K), 4 survivors (4096K)
 Metaspace       used 102165K, committed 104192K, reserved 1179648K
  class space    used 14113K, committed 15104K, reserved 1048576K
}
Event: 25.824 GC heap before
{Heap before GC invocations=43 (full 0):
 garbage-first heap   total 165888K, used 150916K [0x0000000080000000, 0x0000000100000000)
  region size 1024K, 54 young (55296K), 4 survivors (4096K)
 Metaspace       used 106340K, committed 108480K, reserved 1179648K
  class space    used 14842K, committed 15872K, reserved 1048576K
}
Event: 25.828 GC heap after
{Heap after GC invocations=44 (full 0):
 garbage-first heap   total 165888K, used 101224K [0x0000000080000000, 0x0000000100000000)
  region size 1024K, 6 young (6144K), 6 survivors (6144K)
 Metaspace       used 106340K, committed 108480K, reserved 1179648K
  class space    used 14842K, committed 15872K, reserved 1048576K
}

