# JRE version: OpenJDK Runtime Environment (21.0.8) (build 21.0.8+-14018985-b1038.68)
# Java VM: OpenJDK 64-Bit Server VM (21.0.8+-14018985-b1038.68, mixed mode, tiered, compressed oops, compressed class ptrs, g1 gc, windows-amd64)
GC Precious Log:
 CardTable entry size: 512
 Card Set container configuration: InlinePtr #cards 5 size 8 Array Of Cards #cards 12 size 40 Howl #buckets 4 coarsen threshold 1843 Howl Bitmap #cards 512 size 80 coarsen threshold 460 Card regions per heap region 1 cards per card region 2048
 CPUs: 8 total, 8 available
 Memory: 5877M
 Large Page Support: Disabled
 NUMA Support: Disabled
 Compressed Oops: Enabled (32-bit)
 Heap Region Size: 1M
 Heap Min Capacity: 8M
 Heap Initial Capacity: 92M
 Heap Max Capacity: 2G
 Pre-touch: Disabled
 Parallel Workers: 8
 Concurrent Workers: 2
 Concurrent Refinement Workers: 8
 Periodic GC: Disabled
Heap:
 garbage-first heap   total 174080K, used 124078K [0x0000000080000000, 0x0000000100000000)
  region size 1024K, 5 young (5120K), 2 survivors (2048K)
 Metaspace       used 119239K, committed 121472K, reserved 1179648K
  class space    used 16565K, committed 17664K, reserved 1048576K
GC Heap History (20 events):
Event: 23.032 GC heap before
{Heap before GC invocations=31 (full 0):
 garbage-first heap   total 132096K, used 120168K [0x0000000080000000, 0x0000000100000000)
  region size 1024K, 37 young (37888K), 3 survivors (3072K)
 Metaspace       used 90902K, committed 92864K, reserved 1179648K
  class space    used 12540K, committed 13504K, reserved 1048576K
}
Event: 23.035 GC heap after
{Heap after GC invocations=32 (full 0):
 garbage-first heap   total 158720K, used 86450K [0x0000000080000000, 0x0000000100000000)
  region size 1024K, 4 young (4096K), 4 survivors (4096K)
 Metaspace       used 90902K, committed 92864K, reserved 1179648K
  class space    used 12540K, committed 13504K, reserved 1048576K
}
Event: 23.893 GC heap before
{Heap before GC invocations=33 (full 0):
 garbage-first heap   total 158720K, used 142770K [0x0000000080000000, 0x0000000100000000)
  region size 1024K, 56 young (57344K), 4 survivors (4096K)
 Metaspace       used 95947K, committed 97984K, reserved 1179648K
  class space    used 13230K, committed 14208K, reserved 1048576K
}
Event: 23.897 GC heap after
{Heap after GC invocations=34 (full 0):
 garbage-first heap   total 158720K, used 92703K [0x0000000080000000, 0x0000000100000000)
  region size 1024K, 7 young (7168K), 7 survivors (7168K)
 Metaspace       used 95947K, committed 97984K, reserved 1179648K
  class space    used 13230K, committed 14208K, reserved 1048576K
}
Event: 24.500 GC heap before
{Heap before GC invocations=34 (full 0):
 garbage-first heap   total 158720K, used 140831K [0x0000000080000000, 0x0000000100000000)
  region size 1024K, 54 young (55296K), 7 survivors (7168K)
 Metaspace       used 97285K, committed 99328K, reserved 1179648K
  class space    used 13441K, committed 14464K, reserved 1048576K
}
Event: 24.509 GC heap after
{Heap after GC invocations=35 (full 0):
 garbage-first heap   total 158720K, used 96413K [0x0000000080000000, 0x0000000100000000)
  region size 1024K, 7 young (7168K), 7 survivors (7168K)
 Metaspace       used 97285K, committed 99328K, reserved 1179648K
  class space    used 13441K, committed 14464K, reserved 1048576K
}
Event: 25.208 GC heap before
{Heap before GC invocations=35 (full 0):
 garbage-first heap   total 158720K, used 141469K [0x0000000080000000, 0x0000000100000000)
  region size 1024K, 51 young (52224K), 7 survivors (7168K)
 Metaspace       used 101030K, committed 103104K, reserved 1179648K
  class space    used 13955K, committed 14976K, reserved 1048576K
}
Event: 25.213 GC heap after
{Heap after GC invocations=36 (full 0):
 garbage-first heap   total 158720K, used 98499K [0x0000000080000000, 0x0000000100000000)
  region size 1024K, 2 young (2048K), 2 survivors (2048K)
 Metaspace       used 101030K, committed 103104K, reserved 1179648K
  class space    used 13955K, committed 14976K, reserved 1048576K
}
Event: 26.007 GC heap before
{Heap before GC invocations=37 (full 0):
 garbage-first heap   total 167936K, used 145603K [0x0000000080000000, 0x0000000100000000)
  region size 1024K, 48 young (49152K), 2 survivors (2048K)
 Metaspace       used 104745K, committed 106880K, reserved 1179648K
  class space    used 14621K, committed 15680K, reserved 1048576K
}
Event: 26.011 GC heap after
{Heap after GC invocations=38 (full 0):
 garbage-first heap   total 167936K, used 99790K [0x0000000080000000, 0x0000000100000000)
  region size 1024K, 4 young (4096K), 4 survivors (4096K)
 Metaspace       used 104745K, committed 106880K, reserved 1179648K
  class space    used 14621K, committed 15680K, reserved 1048576K
}
Event: 27.086 GC heap before
{Heap before GC invocations=38 (full 0):
 garbage-first heap   total 167936K, used 153038K [0x0000000080000000, 0x0000000100000000)
  region size 1024K, 56 young (57344K), 4 survivors (4096K)
 Metaspace       used 108579K, committed 110656K, reserved 1179648K
  class space    used 15210K, committed 16256K, reserved 1048576K
}
Event: 27.091 GC heap after
{Heap after GC invocations=39 (full 0):
 garbage-first heap   total 167936K, used 100471K [0x0000000080000000, 0x0000000100000000)
  region size 1024K, 6 young (6144K), 6 survivors (6144K)
 Metaspace       used 108579K, committed 110656K, reserved 1179648K
  class space    used 15210K, committed 16256K, reserved 1048576K
}
Event: 28.160 GC heap before
{Heap before GC invocations=39 (full 0):
 garbage-first heap   total 167936K, used 151671K [0x0000000080000000, 0x0000000100000000)
  region size 1024K, 56 young (57344K), 6 survivors (6144K)
 Metaspace       used 113120K, committed 115264K, reserved 1179648K
  class space    used 15920K, committed 16960K, reserved 1048576K
}
Event: 28.167 GC heap after
{Heap after GC invocations=40 (full 0):
 garbage-first heap   total 167936K, used 102848K [0x0000000080000000, 0x0000000100000000)
  region size 1024K, 5 young (5120K), 5 survivors (5120K)
 Metaspace       used 113120K, committed 115264K, reserved 1179648K
  class space    used 15920K, committed 16960K, reserved 1048576K
}
Event: 29.414 GC heap before
{Heap before GC invocations=41 (full 0):
 garbage-first heap   total 173056K, used 153024K [0x0000000080000000, 0x0000000100000000)
  region size 1024K, 54 young (55296K), 5 survivors (5120K)
 Metaspace       used 116767K, committed 118976K, reserved 1179648K
  class space    used 16432K, committed 17536K, reserved 1048576K
}
Event: 29.422 GC heap after
{Heap after GC invocations=42 (full 0):
 garbage-first heap   total 173056K, used 106554K [0x0000000080000000, 0x0000000100000000)
  region size 1024K, 6 young (6144K), 6 survivors (6144K)
 Metaspace       used 116767K, committed 118976K, reserved 1179648K
  class space    used 16432K, committed 17536K, reserved 1048576K
}
Event: 30.031 GC heap before
{Heap before GC invocations=42 (full 0):
 garbage-first heap   total 173056K, used 155706K [0x0000000080000000, 0x0000000100000000)
  region size 1024K, 55 young (56320K), 6 survivors (6144K)
 Metaspace       used 118104K, committed 120320K, reserved 1179648K
  class space    used 16519K, committed 17600K, reserved 1048576K
}
Event: 30.042 GC heap after
{Heap after GC invocations=43 (full 0):
 garbage-first heap   total 174080K, used 114457K [0x0000000080000000, 0x0000000100000000)
  region size 1024K, 7 young (7168K), 7 survivors (7168K)
 Metaspace       used 118104K, committed 120320K, reserved 1179648K
  class space    used 16519K, committed 17600K, reserved 1048576K
}
Event: 30.095 GC heap before
{Heap before GC invocations=43 (full 0):
 garbage-first heap   total 174080K, used 116505K [0x0000000080000000, 0x0000000100000000)
  region size 1024K, 10 young (10240K), 7 survivors (7168K)
 Metaspace       used 118247K, committed 120512K, reserved 1179648K
  class space    used 16538K, committed 17664K, reserved 1048576K
}
Event: 30.101 GC heap after
{Heap after GC invocations=44 (full 0):
 garbage-first heap   total 174080K, used 116910K [0x0000000080000000, 0x0000000100000000)
  region size 1024K, 2 young (2048K), 2 survivors (2048K)
 Metaspace       used 118247K, committed 120512K, reserved 1179648K
  class space    used 16538K, committed 17664K, reserved 1048576K
}

