# JRE version: OpenJDK Runtime Environment (21.0.8) (build 21.0.8+-14018985-b1038.68)
# Java VM: OpenJDK 64-Bit Server VM (21.0.8+-14018985-b1038.68, mixed mode, tiered, compressed oops, compressed class ptrs, g1 gc, windows-amd64)
GC Precious Log:
 CardTable entry size: 512
 Card Set container configuration: InlinePtr #cards 5 size 8 Array Of Cards #cards 12 size 40 Howl #buckets 4 coarsen threshold 1843 Howl Bitmap #cards 512 size 80 coarsen threshold 460 Card regions per heap region 1 cards per card region 2048
 CPUs: 8 total, 8 available
 Memory: 5877M
 Large Page Support: Disabled
 NUMA Support: Disabled
 Compressed Oops: Enabled (32-bit)
 Heap Region Size: 1M
 Heap Min Capacity: 8M
 Heap Initial Capacity: 92M
 Heap Max Capacity: 2G
 Pre-touch: Disabled
 Parallel Workers: 8
 Concurrent Workers: 2
 Concurrent Refinement Workers: 8
 Periodic GC: Disabled
Heap:
 garbage-first heap   total 147456K, used 103424K [0x0000000080000000, 0x0000000100000000)
  region size 1024K, 13 young (13312K), 6 survivors (6144K)
 Metaspace       used 97104K, committed 99072K, reserved 1179648K
  class space    used 13412K, committed 14400K, reserved 1048576K
GC Heap History (20 events):
Event: 10.841 GC heap before
{Heap before GC invocations=27 (full 0):
 garbage-first heap   total 107520K, used 94839K [0x0000000080000000, 0x0000000100000000)
  region size 1024K, 45 young (46080K), 4 survivors (4096K)
 Metaspace       used 72824K, committed 74560K, reserved 1114112K
  class space    used 10225K, committed 11072K, reserved 1048576K
}
Event: 10.844 GC heap after
{Heap after GC invocations=28 (full 0):
 garbage-first heap   total 107520K, used 54876K [0x0000000080000000, 0x0000000100000000)
  region size 1024K, 4 young (4096K), 4 survivors (4096K)
 Metaspace       used 72824K, committed 74560K, reserved 1114112K
  class space    used 10225K, committed 11072K, reserved 1048576K
}
Event: 11.301 GC heap before
{Heap before GC invocations=29 (full 0):
 garbage-first heap   total 107520K, used 106076K [0x0000000080000000, 0x0000000100000000)
  region size 1024K, 44 young (45056K), 4 survivors (4096K)
 Metaspace       used 73338K, committed 75072K, reserved 1114112K
  class space    used 10292K, committed 11136K, reserved 1048576K
}
Event: 11.308 GC heap after
{Heap after GC invocations=30 (full 0):
 garbage-first heap   total 118784K, used 73483K [0x0000000080000000, 0x0000000100000000)
  region size 1024K, 6 young (6144K), 6 survivors (6144K)
 Metaspace       used 73338K, committed 75072K, reserved 1114112K
  class space    used 10292K, committed 11136K, reserved 1048576K
}
Event: 11.892 GC heap before
{Heap before GC invocations=30 (full 0):
 garbage-first heap   total 118784K, used 106251K [0x0000000080000000, 0x0000000100000000)
  region size 1024K, 36 young (36864K), 6 survivors (6144K)
 Metaspace       used 75558K, committed 77248K, reserved 1179648K
  class space    used 10565K, committed 11392K, reserved 1048576K
}
Event: 11.897 GC heap after
{Heap after GC invocations=31 (full 0):
 garbage-first heap   total 118784K, used 78399K [0x0000000080000000, 0x0000000100000000)
  region size 1024K, 4 young (4096K), 4 survivors (4096K)
 Metaspace       used 75558K, committed 77248K, reserved 1179648K
  class space    used 10565K, committed 11392K, reserved 1048576K
}
Event: 12.404 GC heap before
{Heap before GC invocations=31 (full 0):
 garbage-first heap   total 118784K, used 105023K [0x0000000080000000, 0x0000000100000000)
  region size 1024K, 31 young (31744K), 4 survivors (4096K)
 Metaspace       used 78416K, committed 80128K, reserved 1179648K
  class space    used 10881K, committed 11712K, reserved 1048576K
}
Event: 12.408 GC heap after
{Heap after GC invocations=32 (full 0):
 garbage-first heap   total 118784K, used 79105K [0x0000000080000000, 0x0000000100000000)
  region size 1024K, 1 young (1024K), 1 survivors (1024K)
 Metaspace       used 78416K, committed 80128K, reserved 1179648K
  class space    used 10881K, committed 11712K, reserved 1048576K
}
Event: 12.924 GC heap before
{Heap before GC invocations=33 (full 0):
 garbage-first heap   total 133120K, used 105729K [0x0000000080000000, 0x0000000100000000)
  region size 1024K, 28 young (28672K), 1 survivors (1024K)
 Metaspace       used 81487K, committed 83264K, reserved 1179648K
  class space    used 11203K, committed 12096K, reserved 1048576K
}
Event: 12.926 GC heap after
{Heap after GC invocations=34 (full 0):
 garbage-first heap   total 133120K, used 79895K [0x0000000080000000, 0x0000000100000000)
  region size 1024K, 2 young (2048K), 2 survivors (2048K)
 Metaspace       used 81487K, committed 83264K, reserved 1179648K
  class space    used 11203K, committed 12096K, reserved 1048576K
}
Event: 13.776 GC heap before
{Heap before GC invocations=34 (full 0):
 garbage-first heap   total 133120K, used 125975K [0x0000000080000000, 0x0000000100000000)
  region size 1024K, 42 young (43008K), 2 survivors (2048K)
 Metaspace       used 85168K, committed 87040K, reserved 1179648K
  class space    used 11771K, committed 12672K, reserved 1048576K
}
Event: 13.784 GC heap after
{Heap after GC invocations=35 (full 0):
 garbage-first heap   total 135168K, used 84653K [0x0000000080000000, 0x0000000100000000)
  region size 1024K, 6 young (6144K), 6 survivors (6144K)
 Metaspace       used 85168K, committed 87040K, reserved 1179648K
  class space    used 11771K, committed 12672K, reserved 1048576K
}
Event: 14.412 GC heap before
{Heap before GC invocations=35 (full 0):
 garbage-first heap   total 135168K, used 120493K [0x0000000080000000, 0x0000000100000000)
  region size 1024K, 41 young (41984K), 6 survivors (6144K)
 Metaspace       used 87950K, committed 89856K, reserved 1179648K
  class space    used 12134K, committed 13056K, reserved 1048576K
}
Event: 14.417 GC heap after
{Heap after GC invocations=36 (full 0):
 garbage-first heap   total 135168K, used 87270K [0x0000000080000000, 0x0000000100000000)
  region size 1024K, 3 young (3072K), 3 survivors (3072K)
 Metaspace       used 87950K, committed 89856K, reserved 1179648K
  class space    used 12134K, committed 13056K, reserved 1048576K
}
Event: 15.021 GC heap before
{Heap before GC invocations=37 (full 0):
 garbage-first heap   total 147456K, used 123110K [0x0000000080000000, 0x0000000100000000)
  region size 1024K, 38 young (38912K), 3 survivors (3072K)
 Metaspace       used 91523K, committed 93440K, reserved 1179648K
  class space    used 12610K, committed 13568K, reserved 1048576K
}
Event: 15.025 GC heap after
{Heap after GC invocations=38 (full 0):
 garbage-first heap   total 147456K, used 88506K [0x0000000080000000, 0x0000000100000000)
  region size 1024K, 4 young (4096K), 4 survivors (4096K)
 Metaspace       used 91523K, committed 93440K, reserved 1179648K
  class space    used 12610K, committed 13568K, reserved 1048576K
}
Event: 15.733 GC heap before
{Heap before GC invocations=38 (full 0):
 garbage-first heap   total 147456K, used 136634K [0x0000000080000000, 0x0000000100000000)
  region size 1024K, 49 young (50176K), 4 survivors (4096K)
 Metaspace       used 95481K, committed 97408K, reserved 1179648K
  class space    used 13147K, committed 14080K, reserved 1048576K
}
Event: 15.738 GC heap after
{Heap after GC invocations=39 (full 0):
 garbage-first heap   total 147456K, used 93037K [0x0000000080000000, 0x0000000100000000)
  region size 1024K, 6 young (6144K), 6 survivors (6144K)
 Metaspace       used 95481K, committed 97408K, reserved 1179648K
  class space    used 13147K, committed 14080K, reserved 1048576K
}
Event: 16.277 GC heap before
{Heap before GC invocations=39 (full 0):
 garbage-first heap   total 147456K, used 132973K [0x0000000080000000, 0x0000000100000000)
  region size 1024K, 45 young (46080K), 6 survivors (6144K)
 Metaspace       used 97103K, committed 99072K, reserved 1179648K
  class space    used 13412K, committed 14400K, reserved 1048576K
}
Event: 16.283 GC heap after
{Heap after GC invocations=40 (full 0):
 garbage-first heap   total 147456K, used 97280K [0x0000000080000000, 0x0000000100000000)
  region size 1024K, 6 young (6144K), 6 survivors (6144K)
 Metaspace       used 97103K, committed 99072K, reserved 1179648K
  class space    used 13412K, committed 14400K, reserved 1048576K
}

