# JRE version: OpenJDK Runtime Environment (21.0.8) (build 21.0.8+-14018985-b1038.68)
# Java VM: OpenJDK 64-Bit Server VM (21.0.8+-14018985-b1038.68, mixed mode, tiered, compressed oops, compressed class ptrs, g1 gc, windows-amd64)
GC Precious Log:
 CardTable entry size: 512
 Card Set container configuration: InlinePtr #cards 5 size 8 Array Of Cards #cards 12 size 40 Howl #buckets 4 coarsen threshold 1843 Howl Bitmap #cards 512 size 80 coarsen threshold 460 Card regions per heap region 1 cards per card region 2048
 CPUs: 8 total, 8 available
 Memory: 5877M
 Large Page Support: Disabled
 NUMA Support: Disabled
 Compressed Oops: Enabled (32-bit)
 Heap Region Size: 1M
 Heap Min Capacity: 8M
 Heap Initial Capacity: 92M
 Heap Max Capacity: 2G
 Pre-touch: Disabled
 Parallel Workers: 8
 Concurrent Workers: 2
 Concurrent Refinement Workers: 8
 Periodic GC: Disabled
Heap:
 garbage-first heap   total 173056K, used 121754K [0x0000000080000000, 0x0000000100000000)
  region size 1024K, 16 young (16384K), 7 survivors (7168K)
 Metaspace       used 117911K, committed 120064K, reserved 1179648K
  class space    used 16489K, committed 17536K, reserved 1048576K
GC Heap History (20 events):
Event: 25.202 GC heap before
{Heap before GC invocations=43 (full 0):
 garbage-first heap   total 133120K, used 120373K [0x0000000080000000, 0x0000000100000000)
  region size 1024K, 35 young (35840K), 3 survivors (3072K)
 Metaspace       used 89709K, committed 91584K, reserved 1179648K
  class space    used 12361K, committed 13248K, reserved 1048576K
}
Event: 25.207 GC heap after
{Heap after GC invocations=44 (full 0):
 garbage-first heap   total 133120K, used 88891K [0x0000000080000000, 0x0000000100000000)
  region size 1024K, 4 young (4096K), 4 survivors (4096K)
 Metaspace       used 89709K, committed 91584K, reserved 1179648K
  class space    used 12361K, committed 13248K, reserved 1048576K
}
Event: 26.231 GC heap before
{Heap before GC invocations=45 (full 0):
 garbage-first heap   total 148480K, used 121659K [0x0000000080000000, 0x0000000100000000)
  region size 1024K, 34 young (34816K), 4 survivors (4096K)
 Metaspace       used 93248K, committed 95104K, reserved 1179648K
  class space    used 12839K, committed 13760K, reserved 1048576K
}
Event: 26.238 GC heap after
{Heap after GC invocations=46 (full 0):
 garbage-first heap   total 148480K, used 93058K [0x0000000080000000, 0x0000000100000000)
  region size 1024K, 4 young (4096K), 4 survivors (4096K)
 Metaspace       used 93248K, committed 95104K, reserved 1179648K
  class space    used 12839K, committed 13760K, reserved 1048576K
}
Event: 27.418 GC heap before
{Heap before GC invocations=46 (full 0):
 garbage-first heap   total 148480K, used 135042K [0x0000000080000000, 0x0000000100000000)
  region size 1024K, 45 young (46080K), 4 survivors (4096K)
 Metaspace       used 96315K, committed 98304K, reserved 1179648K
  class space    used 13279K, committed 14272K, reserved 1048576K
}
Event: 27.424 GC heap after
{Heap after GC invocations=47 (full 0):
 garbage-first heap   total 148480K, used 93905K [0x0000000080000000, 0x0000000100000000)
  region size 1024K, 4 young (4096K), 4 survivors (4096K)
 Metaspace       used 96315K, committed 98304K, reserved 1179648K
  class space    used 13279K, committed 14272K, reserved 1048576K
}
Event: 28.309 GC heap before
{Heap before GC invocations=47 (full 0):
 garbage-first heap   total 148480K, used 134865K [0x0000000080000000, 0x0000000100000000)
  region size 1024K, 45 young (46080K), 4 survivors (4096K)
 Metaspace       used 97395K, committed 99392K, reserved 1179648K
  class space    used 13437K, committed 14400K, reserved 1048576K
}
Event: 28.314 GC heap after
{Heap after GC invocations=48 (full 0):
 garbage-first heap   total 148480K, used 97987K [0x0000000080000000, 0x0000000100000000)
  region size 1024K, 6 young (6144K), 6 survivors (6144K)
 Metaspace       used 97395K, committed 99392K, reserved 1179648K
  class space    used 13437K, committed 14400K, reserved 1048576K
}
Event: 29.177 GC heap before
{Heap before GC invocations=49 (full 0):
 garbage-first heap   total 163840K, used 133827K [0x0000000080000000, 0x0000000100000000)
  region size 1024K, 41 young (41984K), 6 survivors (6144K)
 Metaspace       used 100320K, committed 102336K, reserved 1179648K
  class space    used 13842K, committed 14848K, reserved 1048576K
}
Event: 29.183 GC heap after
{Heap after GC invocations=50 (full 0):
 garbage-first heap   total 163840K, used 99871K [0x0000000080000000, 0x0000000100000000)
  region size 1024K, 2 young (2048K), 2 survivors (2048K)
 Metaspace       used 100320K, committed 102336K, reserved 1179648K
  class space    used 13842K, committed 14848K, reserved 1048576K
}
Event: 30.446 GC heap before
{Heap before GC invocations=50 (full 0):
 garbage-first heap   total 163840K, used 150047K [0x0000000080000000, 0x0000000100000000)
  region size 1024K, 51 young (52224K), 2 survivors (2048K)
 Metaspace       used 104368K, committed 106368K, reserved 1179648K
  class space    used 14535K, committed 15552K, reserved 1048576K
}
Event: 30.450 GC heap after
{Heap after GC invocations=51 (full 0):
 garbage-first heap   total 163840K, used 99532K [0x0000000080000000, 0x0000000100000000)
  region size 1024K, 3 young (3072K), 3 survivors (3072K)
 Metaspace       used 104368K, committed 106368K, reserved 1179648K
  class space    used 14535K, committed 15552K, reserved 1048576K
}
Event: 31.528 GC heap before
{Heap before GC invocations=51 (full 0):
 garbage-first heap   total 163840K, used 151756K [0x0000000080000000, 0x0000000100000000)
  region size 1024K, 54 young (55296K), 3 survivors (3072K)
 Metaspace       used 108139K, committed 110208K, reserved 1179648K
  class space    used 15110K, committed 16128K, reserved 1048576K
}
Event: 31.532 GC heap after
{Heap after GC invocations=52 (full 0):
 garbage-first heap   total 163840K, used 102253K [0x0000000080000000, 0x0000000100000000)
  region size 1024K, 6 young (6144K), 6 survivors (6144K)
 Metaspace       used 108139K, committed 110208K, reserved 1179648K
  class space    used 15110K, committed 16128K, reserved 1048576K
}
Event: 32.725 GC heap before
{Heap before GC invocations=53 (full 0):
 garbage-first heap   total 173056K, used 147309K [0x0000000080000000, 0x0000000100000000)
  region size 1024K, 50 young (51200K), 6 survivors (6144K)
 Metaspace       used 111942K, committed 114048K, reserved 1179648K
  class space    used 15738K, committed 16768K, reserved 1048576K
}
Event: 32.729 GC heap after
{Heap after GC invocations=54 (full 0):
 garbage-first heap   total 173056K, used 104130K [0x0000000080000000, 0x0000000100000000)
  region size 1024K, 5 young (5120K), 5 survivors (5120K)
 Metaspace       used 111942K, committed 114048K, reserved 1179648K
  class space    used 15738K, committed 16768K, reserved 1048576K
}
Event: 33.858 GC heap before
{Heap before GC invocations=54 (full 0):
 garbage-first heap   total 173056K, used 157378K [0x0000000080000000, 0x0000000100000000)
  region size 1024K, 57 young (58368K), 5 survivors (5120K)
 Metaspace       used 116311K, committed 118400K, reserved 1179648K
  class space    used 16354K, committed 17408K, reserved 1048576K
}
Event: 33.866 GC heap after
{Heap after GC invocations=55 (full 0):
 garbage-first heap   total 173056K, used 106782K [0x0000000080000000, 0x0000000100000000)
  region size 1024K, 6 young (6144K), 6 survivors (6144K)
 Metaspace       used 116311K, committed 118400K, reserved 1179648K
  class space    used 16354K, committed 17408K, reserved 1048576K
}
Event: 34.335 GC heap before
{Heap before GC invocations=55 (full 0):
 garbage-first heap   total 173056K, used 155934K [0x0000000080000000, 0x0000000100000000)
  region size 1024K, 55 young (56320K), 6 survivors (6144K)
 Metaspace       used 117552K, committed 119680K, reserved 1179648K
  class space    used 16466K, committed 17472K, reserved 1048576K
}
Event: 34.343 GC heap after
{Heap after GC invocations=56 (full 0):
 garbage-first heap   total 173056K, used 113562K [0x0000000080000000, 0x0000000100000000)
  region size 1024K, 7 young (7168K), 7 survivors (7168K)
 Metaspace       used 117552K, committed 119680K, reserved 1179648K
  class space    used 16466K, committed 17472K, reserved 1048576K
}

