# JRE version: OpenJDK Runtime Environment (21.0.8) (build 21.0.8+-14018985-b1038.68)
# Java VM: OpenJDK 64-Bit Server VM (21.0.8+-14018985-b1038.68, mixed mode, tiered, compressed oops, compressed class ptrs, g1 gc, windows-amd64)
GC Precious Log:
 CardTable entry size: 512
 Card Set container configuration: InlinePtr #cards 5 size 8 Array Of Cards #cards 12 size 40 Howl #buckets 4 coarsen threshold 1843 Howl Bitmap #cards 512 size 80 coarsen threshold 460 Card regions per heap region 1 cards per card region 2048
 CPUs: 8 total, 8 available
 Memory: 5877M
 Large Page Support: Disabled
 NUMA Support: Disabled
 Compressed Oops: Enabled (32-bit)
 Heap Region Size: 1M
 Heap Min Capacity: 8M
 Heap Initial Capacity: 92M
 Heap Max Capacity: 2G
 Pre-touch: Disabled
 Parallel Workers: 8
 Concurrent Workers: 2
 Concurrent Refinement Workers: 8
 Periodic GC: Disabled
Heap:
 garbage-first heap   total 293888K, used 182291K [0x0000000080000000, 0x0000000100000000)
  region size 1024K, 8 young (8192K), 8 survivors (8192K)
 Metaspace       used 156223K, committed 158528K, reserved 1245184K
  class space    used 21718K, committed 22848K, reserved 1048576K
GC Heap History (20 events):
Event: 69.146 GC heap after
{Heap after GC invocations=69 (full 0):
 garbage-first heap   total 252928K, used 156672K [0x0000000080000000, 0x0000000100000000)
  region size 1024K, 5 young (5120K), 5 survivors (5120K)
 Metaspace       used 135026K, committed 137344K, reserved 1179648K
  class space    used 18459K, committed 19584K, reserved 1048576K
}
Event: 70.710 GC heap before
{Heap before GC invocations=69 (full 0):
 garbage-first heap   total 252928K, used 233472K [0x0000000080000000, 0x0000000100000000)
  region size 1024K, 81 young (82944K), 5 survivors (5120K)
 Metaspace       used 140599K, committed 142848K, reserved 1179648K
  class space    used 19314K, committed 20416K, reserved 1048576K
}
Event: 70.745 GC heap after
{Heap after GC invocations=70 (full 0):
 garbage-first heap   total 252928K, used 165000K [0x0000000080000000, 0x0000000100000000)
  region size 1024K, 11 young (11264K), 11 survivors (11264K)
 Metaspace       used 140599K, committed 142848K, reserved 1179648K
  class space    used 19314K, committed 20416K, reserved 1048576K
}
Event: 72.140 GC heap before
{Heap before GC invocations=71 (full 0):
 garbage-first heap   total 275456K, used 224392K [0x0000000080000000, 0x0000000100000000)
  region size 1024K, 71 young (72704K), 11 survivors (11264K)
 Metaspace       used 145479K, committed 147776K, reserved 1179648K
  class space    used 20141K, committed 21248K, reserved 1048576K
}
Event: 72.167 GC heap after
{Heap after GC invocations=72 (full 0):
 garbage-first heap   total 275456K, used 170317K [0x0000000080000000, 0x0000000100000000)
  region size 1024K, 6 young (6144K), 6 survivors (6144K)
 Metaspace       used 145479K, committed 147776K, reserved 1179648K
  class space    used 20141K, committed 21248K, reserved 1048576K
}
Event: 73.171 GC heap before
{Heap before GC invocations=72 (full 0):
 garbage-first heap   total 275456K, used 253261K [0x0000000080000000, 0x0000000100000000)
  region size 1024K, 88 young (90112K), 6 survivors (6144K)
 Metaspace       used 150468K, committed 152832K, reserved 1179648K
  class space    used 21016K, committed 22144K, reserved 1048576K
}
Event: 73.185 GC heap after
{Heap after GC invocations=73 (full 0):
 garbage-first heap   total 275456K, used 172691K [0x0000000080000000, 0x0000000100000000)
  region size 1024K, 11 young (11264K), 11 survivors (11264K)
 Metaspace       used 150468K, committed 152832K, reserved 1179648K
  class space    used 21016K, committed 22144K, reserved 1048576K
}
Event: 73.788 GC heap before
{Heap before GC invocations=73 (full 0):
 garbage-first heap   total 275456K, used 248467K [0x0000000080000000, 0x0000000100000000)
  region size 1024K, 86 young (88064K), 11 survivors (11264K)
 Metaspace       used 151856K, committed 154176K, reserved 1245184K
  class space    used 21206K, committed 22336K, reserved 1048576K
}
Event: 73.806 GC heap after
{Heap after GC invocations=74 (full 0):
 garbage-first heap   total 275456K, used 175066K [0x0000000080000000, 0x0000000100000000)
  region size 1024K, 2 young (2048K), 2 survivors (2048K)
 Metaspace       used 151856K, committed 154176K, reserved 1245184K
  class space    used 21206K, committed 22336K, reserved 1048576K
}
Event: 75.024 GC heap before
{Heap before GC invocations=75 (full 0):
 garbage-first heap   total 291840K, used 256986K [0x0000000080000000, 0x0000000100000000)
  region size 1024K, 83 young (84992K), 2 survivors (2048K)
 Metaspace       used 153400K, committed 155712K, reserved 1245184K
  class space    used 21392K, committed 22528K, reserved 1048576K
}
Event: 75.031 GC heap after
{Heap after GC invocations=76 (full 0):
 garbage-first heap   total 291840K, used 174747K [0x0000000080000000, 0x0000000100000000)
  region size 1024K, 2 young (2048K), 2 survivors (2048K)
 Metaspace       used 153400K, committed 155712K, reserved 1245184K
  class space    used 21392K, committed 22528K, reserved 1048576K
}
Event: 75.912 GC heap before
{Heap before GC invocations=76 (full 0):
 garbage-first heap   total 291840K, used 273051K [0x0000000080000000, 0x0000000100000000)
  region size 1024K, 99 young (101376K), 2 survivors (2048K)
 Metaspace       used 155309K, committed 157632K, reserved 1245184K
  class space    used 21670K, committed 22784K, reserved 1048576K
}
Event: 75.921 GC heap after
{Heap after GC invocations=77 (full 0):
 garbage-first heap   total 291840K, used 174018K [0x0000000080000000, 0x0000000100000000)
  region size 1024K, 4 young (4096K), 4 survivors (4096K)
 Metaspace       used 155309K, committed 157632K, reserved 1245184K
  class space    used 21670K, committed 22784K, reserved 1048576K
}
Event: 76.948 GC heap before
{Heap before GC invocations=77 (full 0):
 garbage-first heap   total 291840K, used 270274K [0x0000000080000000, 0x0000000100000000)
  region size 1024K, 99 young (101376K), 4 survivors (4096K)
 Metaspace       used 155811K, committed 158208K, reserved 1245184K
  class space    used 21706K, committed 22848K, reserved 1048576K
}
Event: 76.961 GC heap after
{Heap after GC invocations=78 (full 0):
 garbage-first heap   total 291840K, used 175436K [0x0000000080000000, 0x0000000100000000)
  region size 1024K, 5 young (5120K), 5 survivors (5120K)
 Metaspace       used 155811K, committed 158208K, reserved 1245184K
  class space    used 21706K, committed 22848K, reserved 1048576K
}
Event: 77.879 GC heap before
{Heap before GC invocations=78 (full 0):
 garbage-first heap   total 293888K, used 270668K [0x0000000080000000, 0x0000000100000000)
  region size 1024K, 98 young (100352K), 5 survivors (5120K)
 Metaspace       used 155852K, committed 158208K, reserved 1245184K
  class space    used 21698K, committed 22848K, reserved 1048576K
}
Event: 77.902 GC heap after
{Heap after GC invocations=79 (full 0):
 garbage-first heap   total 293888K, used 180659K [0x0000000080000000, 0x0000000100000000)
  region size 1024K, 11 young (11264K), 11 survivors (11264K)
 Metaspace       used 155852K, committed 158208K, reserved 1245184K
  class space    used 21698K, committed 22848K, reserved 1048576K
}
Event: 78.438 GC heap before
{Heap before GC invocations=79 (full 0):
 garbage-first heap   total 293888K, used 264627K [0x0000000080000000, 0x0000000100000000)
  region size 1024K, 94 young (96256K), 11 survivors (11264K)
 Metaspace       used 156032K, committed 158336K, reserved 1245184K
  class space    used 21700K, committed 22848K, reserved 1048576K
}
Event: 78.450 GC heap after
{Heap after GC invocations=80 (full 0):
 garbage-first heap   total 293888K, used 181792K [0x0000000080000000, 0x0000000100000000)
  region size 1024K, 7 young (7168K), 7 survivors (7168K)
 Metaspace       used 156032K, committed 158336K, reserved 1245184K
  class space    used 21700K, committed 22848K, reserved 1048576K
}
Event: 78.748 GC heap before
{Heap before GC invocations=81 (full 0):
 garbage-first heap   total 293888K, used 269856K [0x0000000080000000, 0x0000000100000000)
  region size 1024K, 94 young (96256K), 7 survivors (7168K)
 Metaspace       used 156223K, committed 158528K, reserved 1245184K
  class space    used 21718K, committed 22848K, reserved 1048576K
}

