# JRE version: OpenJDK Runtime Environment (21.0.8) (build 21.0.8+-14018985-b1038.68)
# Java VM: OpenJDK 64-Bit Server VM (21.0.8+-14018985-b1038.68, mixed mode, tiered, compressed oops, compressed class ptrs, g1 gc, windows-amd64)
GC Precious Log:
 CardTable entry size: 512
 Card Set container configuration: InlinePtr #cards 5 size 8 Array Of Cards #cards 12 size 40 Howl #buckets 4 coarsen threshold 1843 Howl Bitmap #cards 512 size 80 coarsen threshold 460 Card regions per heap region 1 cards per card region 2048
 CPUs: 8 total, 8 available
 Memory: 5877M
 Large Page Support: Disabled
 NUMA Support: Disabled
 Compressed Oops: Enabled (32-bit)
 Heap Region Size: 1M
 Heap Min Capacity: 8M
 Heap Initial Capacity: 92M
 Heap Max Capacity: 2G
 Pre-touch: Disabled
 Parallel Workers: 8
 Concurrent Workers: 2
 Concurrent Refinement Workers: 8
 Periodic GC: Disabled
Heap:
 garbage-first heap   total 165888K, used 104688K [0x0000000080000000, 0x0000000100000000)
  region size 1024K, 9 young (9216K), 6 survivors (6144K)
 Metaspace       used 108493K, committed 110528K, reserved 1179648K
  class space    used 15159K, committed 16128K, reserved 1048576K
GC Heap History (20 events):
Event: 20.196 GC heap before
{Heap before GC invocations=33 (full 0):
 garbage-first heap   total 121856K, used 107063K [0x0000000080000000, 0x0000000100000000)
  region size 1024K, 31 young (31744K), 2 survivors (2048K)
 Metaspace       used 80041K, committed 81856K, reserved 1179648K
  class space    used 11022K, committed 11904K, reserved 1048576K
}
Event: 20.199 GC heap after
{Heap after GC invocations=34 (full 0):
 garbage-first heap   total 121856K, used 78866K [0x0000000080000000, 0x0000000100000000)
  region size 1024K, 3 young (3072K), 3 survivors (3072K)
 Metaspace       used 80041K, committed 81856K, reserved 1179648K
  class space    used 11022K, committed 11904K, reserved 1048576K
}
Event: 20.912 GC heap before
{Heap before GC invocations=35 (full 0):
 garbage-first heap   total 133120K, used 108562K [0x0000000080000000, 0x0000000100000000)
  region size 1024K, 33 young (33792K), 3 survivors (3072K)
 Metaspace       used 83339K, committed 85120K, reserved 1179648K
  class space    used 11509K, committed 12352K, reserved 1048576K
}
Event: 20.916 GC heap after
{Heap after GC invocations=36 (full 0):
 garbage-first heap   total 133120K, used 80031K [0x0000000080000000, 0x0000000100000000)
  region size 1024K, 4 young (4096K), 4 survivors (4096K)
 Metaspace       used 83339K, committed 85120K, reserved 1179648K
  class space    used 11509K, committed 12352K, reserved 1048576K
}
Event: 21.562 GC heap before
{Heap before GC invocations=36 (full 0):
 garbage-first heap   total 133120K, used 125087K [0x0000000080000000, 0x0000000100000000)
  region size 1024K, 44 young (45056K), 4 survivors (4096K)
 Metaspace       used 86549K, committed 88384K, reserved 1179648K
  class space    used 11927K, committed 12800K, reserved 1048576K
}
Event: 21.568 GC heap after
{Heap after GC invocations=37 (full 0):
 garbage-first heap   total 137216K, used 85180K [0x0000000080000000, 0x0000000100000000)
  region size 1024K, 6 young (6144K), 6 survivors (6144K)
 Metaspace       used 86549K, committed 88384K, reserved 1179648K
  class space    used 11927K, committed 12800K, reserved 1048576K
}
Event: 22.169 GC heap before
{Heap before GC invocations=37 (full 0):
 garbage-first heap   total 137216K, used 122044K [0x0000000080000000, 0x0000000100000000)
  region size 1024K, 42 young (43008K), 6 survivors (6144K)
 Metaspace       used 89351K, committed 91264K, reserved 1179648K
  class space    used 12279K, committed 13184K, reserved 1048576K
}
Event: 22.175 GC heap after
{Heap after GC invocations=38 (full 0):
 garbage-first heap   total 137216K, used 87901K [0x0000000080000000, 0x0000000100000000)
  region size 1024K, 3 young (3072K), 3 survivors (3072K)
 Metaspace       used 89351K, committed 91264K, reserved 1179648K
  class space    used 12279K, committed 13184K, reserved 1048576K
}
Event: 23.018 GC heap before
{Heap before GC invocations=39 (full 0):
 garbage-first heap   total 148480K, used 127837K [0x0000000080000000, 0x0000000100000000)
  region size 1024K, 39 young (39936K), 3 survivors (3072K)
 Metaspace       used 93384K, committed 95296K, reserved 1179648K
  class space    used 12842K, committed 13760K, reserved 1048576K
}
Event: 23.022 GC heap after
{Heap after GC invocations=40 (full 0):
 garbage-first heap   total 148480K, used 92511K [0x0000000080000000, 0x0000000100000000)
  region size 1024K, 4 young (4096K), 4 survivors (4096K)
 Metaspace       used 93384K, committed 95296K, reserved 1179648K
  class space    used 12842K, committed 13760K, reserved 1048576K
}
Event: 23.928 GC heap before
{Heap before GC invocations=40 (full 0):
 garbage-first heap   total 148480K, used 135519K [0x0000000080000000, 0x0000000100000000)
  region size 1024K, 46 young (47104K), 4 survivors (4096K)
 Metaspace       used 96488K, committed 98368K, reserved 1179648K
  class space    used 13300K, committed 14208K, reserved 1048576K
}
Event: 23.935 GC heap after
{Heap after GC invocations=41 (full 0):
 garbage-first heap   total 148480K, used 94362K [0x0000000080000000, 0x0000000100000000)
  region size 1024K, 5 young (5120K), 5 survivors (5120K)
 Metaspace       used 96488K, committed 98368K, reserved 1179648K
  class space    used 13300K, committed 14208K, reserved 1048576K
}
Event: 24.512 GC heap before
{Heap before GC invocations=41 (full 0):
 garbage-first heap   total 148480K, used 133274K [0x0000000080000000, 0x0000000100000000)
  region size 1024K, 43 young (44032K), 5 survivors (5120K)
 Metaspace       used 97366K, committed 99264K, reserved 1179648K
  class space    used 13422K, committed 14336K, reserved 1048576K
}
Event: 24.518 GC heap after
{Heap after GC invocations=42 (full 0):
 garbage-first heap   total 148480K, used 98537K [0x0000000080000000, 0x0000000100000000)
  region size 1024K, 6 young (6144K), 6 survivors (6144K)
 Metaspace       used 97366K, committed 99264K, reserved 1179648K
  class space    used 13422K, committed 14336K, reserved 1048576K
}
Event: 25.028 GC heap before
{Heap before GC invocations=43 (full 0):
 garbage-first heap   total 165888K, used 132329K [0x0000000080000000, 0x0000000100000000)
  region size 1024K, 39 young (39936K), 6 survivors (6144K)
 Metaspace       used 100140K, committed 102144K, reserved 1179648K
  class space    used 13807K, committed 14784K, reserved 1048576K
}
Event: 25.033 GC heap after
{Heap after GC invocations=44 (full 0):
 garbage-first heap   total 165888K, used 100346K [0x0000000080000000, 0x0000000100000000)
  region size 1024K, 2 young (2048K), 2 survivors (2048K)
 Metaspace       used 100140K, committed 102144K, reserved 1179648K
  class space    used 13807K, committed 14784K, reserved 1048576K
}
Event: 26.091 GC heap before
{Heap before GC invocations=44 (full 0):
 garbage-first heap   total 165888K, used 154618K [0x0000000080000000, 0x0000000100000000)
  region size 1024K, 54 young (55296K), 2 survivors (2048K)
 Metaspace       used 104405K, committed 106368K, reserved 1179648K
  class space    used 14535K, committed 15488K, reserved 1048576K
}
Event: 26.096 GC heap after
{Heap after GC invocations=45 (full 0):
 garbage-first heap   total 165888K, used 100212K [0x0000000080000000, 0x0000000100000000)
  region size 1024K, 3 young (3072K), 3 survivors (3072K)
 Metaspace       used 104405K, committed 106368K, reserved 1179648K
  class space    used 14535K, committed 15488K, reserved 1048576K
}
Event: 26.958 GC heap before
{Heap before GC invocations=45 (full 0):
 garbage-first heap   total 165888K, used 153460K [0x0000000080000000, 0x0000000100000000)
  region size 1024K, 55 young (56320K), 3 survivors (3072K)
 Metaspace       used 108301K, committed 110400K, reserved 1179648K
  class space    used 15125K, committed 16128K, reserved 1048576K
}
Event: 26.963 GC heap after
{Heap after GC invocations=46 (full 0):
 garbage-first heap   total 165888K, used 102640K [0x0000000080000000, 0x0000000100000000)
  region size 1024K, 6 young (6144K), 6 survivors (6144K)
 Metaspace       used 108301K, committed 110400K, reserved 1179648K
  class space    used 15125K, committed 16128K, reserved 1048576K
}

