# JRE version: OpenJDK Runtime Environment (21.0.8) (build 21.0.8+-14018985-b1038.68)
# Java VM: OpenJDK 64-Bit Server VM (21.0.8+-14018985-b1038.68, mixed mode, tiered, compressed oops, compressed class ptrs, g1 gc, windows-amd64)
GC Precious Log:
 CardTable entry size: 512
 Card Set container configuration: InlinePtr #cards 5 size 8 Array Of Cards #cards 12 size 40 Howl #buckets 4 coarsen threshold 1843 Howl Bitmap #cards 512 size 80 coarsen threshold 460 Card regions per heap region 1 cards per card region 2048
 CPUs: 8 total, 8 available
 Memory: 5877M
 Large Page Support: Disabled
 NUMA Support: Disabled
 Compressed Oops: Enabled (32-bit)
 Heap Region Size: 1M
 Heap Min Capacity: 8M
 Heap Initial Capacity: 92M
 Heap Max Capacity: 2G
 Pre-touch: Disabled
 Parallel Workers: 8
 Concurrent Workers: 2
 Concurrent Refinement Workers: 8
 Periodic GC: Disabled
Heap:
 garbage-first heap   total 175104K, used 124454K [0x0000000080000000, 0x0000000100000000)
  region size 1024K, 5 young (5120K), 3 survivors (3072K)
 Metaspace       used 119168K, committed 121344K, reserved 1179648K
  class space    used 16535K, committed 17600K, reserved 1048576K
GC Heap History (20 events):
Event: 45.349 GC heap before
{Heap before GC invocations=37 (full 0):
 garbage-first heap   total 134144K, used 118695K [0x0000000080000000, 0x0000000100000000)
  region size 1024K, 40 young (40960K), 6 survivors (6144K)
 Metaspace       used 89955K, committed 91840K, reserved 1179648K
  class space    used 12379K, committed 13248K, reserved 1048576K
}
Event: 45.357 GC heap after
{Heap after GC invocations=38 (full 0):
 garbage-first heap   total 161792K, used 87434K [0x0000000080000000, 0x0000000100000000)
  region size 1024K, 3 young (3072K), 3 survivors (3072K)
 Metaspace       used 89955K, committed 91840K, reserved 1179648K
  class space    used 12379K, committed 13248K, reserved 1048576K
}
Event: 46.694 GC heap before
{Heap before GC invocations=39 (full 0):
 garbage-first heap   total 161792K, used 143754K [0x0000000080000000, 0x0000000100000000)
  region size 1024K, 55 young (56320K), 3 survivors (3072K)
 Metaspace       used 95181K, committed 97088K, reserved 1179648K
  class space    used 13083K, committed 14016K, reserved 1048576K
}
Event: 46.698 GC heap after
{Heap after GC invocations=40 (full 0):
 garbage-first heap   total 161792K, used 93155K [0x0000000080000000, 0x0000000100000000)
  region size 1024K, 5 young (5120K), 5 survivors (5120K)
 Metaspace       used 95181K, committed 97088K, reserved 1179648K
  class space    used 13083K, committed 14016K, reserved 1048576K
}
Event: 47.452 GC heap before
{Heap before GC invocations=40 (full 0):
 garbage-first heap   total 161792K, used 146403K [0x0000000080000000, 0x0000000100000000)
  region size 1024K, 57 young (58368K), 5 survivors (5120K)
 Metaspace       used 97152K, committed 99072K, reserved 1179648K
  class space    used 13397K, committed 14336K, reserved 1048576K
}
Event: 47.458 GC heap after
{Heap after GC invocations=41 (full 0):
 garbage-first heap   total 161792K, used 97813K [0x0000000080000000, 0x0000000100000000)
  region size 1024K, 8 young (8192K), 8 survivors (8192K)
 Metaspace       used 97152K, committed 99072K, reserved 1179648K
  class space    used 13397K, committed 14336K, reserved 1048576K
}
Event: 48.224 GC heap before
{Heap before GC invocations=41 (full 0):
 garbage-first heap   total 161792K, used 143893K [0x0000000080000000, 0x0000000100000000)
  region size 1024K, 53 young (54272K), 8 survivors (8192K)
 Metaspace       used 100697K, committed 102656K, reserved 1179648K
  class space    used 13880K, committed 14848K, reserved 1048576K
}
Event: 48.229 GC heap after
{Heap after GC invocations=42 (full 0):
 garbage-first heap   total 161792K, used 99916K [0x0000000080000000, 0x0000000100000000)
  region size 1024K, 3 young (3072K), 3 survivors (3072K)
 Metaspace       used 100697K, committed 102656K, reserved 1179648K
  class space    used 13880K, committed 14848K, reserved 1048576K
}
Event: 49.352 GC heap before
{Heap before GC invocations=43 (full 0):
 garbage-first heap   total 168960K, used 148044K [0x0000000080000000, 0x0000000100000000)
  region size 1024K, 50 young (51200K), 3 survivors (3072K)
 Metaspace       used 104455K, committed 106496K, reserved 1179648K
  class space    used 14555K, committed 15552K, reserved 1048576K
}
Event: 49.356 GC heap after
{Heap after GC invocations=44 (full 0):
 garbage-first heap   total 168960K, used 101214K [0x0000000080000000, 0x0000000100000000)
  region size 1024K, 4 young (4096K), 4 survivors (4096K)
 Metaspace       used 104455K, committed 106496K, reserved 1179648K
  class space    used 14555K, committed 15552K, reserved 1048576K
}
Event: 50.304 GC heap before
{Heap before GC invocations=44 (full 0):
 garbage-first heap   total 168960K, used 154462K [0x0000000080000000, 0x0000000100000000)
  region size 1024K, 56 young (57344K), 4 survivors (4096K)
 Metaspace       used 108325K, committed 110336K, reserved 1179648K
  class space    used 15141K, committed 16128K, reserved 1048576K
}
Event: 50.309 GC heap after
{Heap after GC invocations=45 (full 0):
 garbage-first heap   total 168960K, used 101458K [0x0000000080000000, 0x0000000100000000)
  region size 1024K, 6 young (6144K), 6 survivors (6144K)
 Metaspace       used 108325K, committed 110336K, reserved 1179648K
  class space    used 15141K, committed 16128K, reserved 1048576K
}
Event: 51.236 GC heap before
{Heap before GC invocations=45 (full 0):
 garbage-first heap   total 168960K, used 152658K [0x0000000080000000, 0x0000000100000000)
  region size 1024K, 56 young (57344K), 6 survivors (6144K)
 Metaspace       used 112890K, committed 115072K, reserved 1179648K
  class space    used 15868K, committed 16960K, reserved 1048576K
}
Event: 51.242 GC heap after
{Heap after GC invocations=46 (full 0):
 garbage-first heap   total 168960K, used 103793K [0x0000000080000000, 0x0000000100000000)
  region size 1024K, 5 young (5120K), 5 survivors (5120K)
 Metaspace       used 112890K, committed 115072K, reserved 1179648K
  class space    used 15868K, committed 16960K, reserved 1048576K
}
Event: 52.149 GC heap before
{Heap before GC invocations=47 (full 0):
 garbage-first heap   total 174080K, used 153969K [0x0000000080000000, 0x0000000100000000)
  region size 1024K, 54 young (55296K), 5 survivors (5120K)
 Metaspace       used 116697K, committed 118848K, reserved 1179648K
  class space    used 16404K, committed 17408K, reserved 1048576K
}
Event: 52.156 GC heap after
{Heap after GC invocations=48 (full 0):
 garbage-first heap   total 174080K, used 107192K [0x0000000080000000, 0x0000000100000000)
  region size 1024K, 6 young (6144K), 6 survivors (6144K)
 Metaspace       used 116697K, committed 118848K, reserved 1179648K
  class space    used 16404K, committed 17408K, reserved 1048576K
}
Event: 52.594 GC heap before
{Heap before GC invocations=48 (full 0):
 garbage-first heap   total 174080K, used 156344K [0x0000000080000000, 0x0000000100000000)
  region size 1024K, 55 young (56320K), 6 survivors (6144K)
 Metaspace       used 117833K, committed 120064K, reserved 1179648K
  class space    used 16479K, committed 17536K, reserved 1048576K
}
Event: 52.603 GC heap after
{Heap after GC invocations=49 (full 0):
 garbage-first heap   total 175104K, used 115358K [0x0000000080000000, 0x0000000100000000)
  region size 1024K, 7 young (7168K), 7 survivors (7168K)
 Metaspace       used 117833K, committed 120064K, reserved 1179648K
  class space    used 16479K, committed 17536K, reserved 1048576K
}
Event: 52.814 GC heap before
{Heap before GC invocations=49 (full 0):
 garbage-first heap   total 175104K, used 120478K [0x0000000080000000, 0x0000000100000000)
  region size 1024K, 13 young (13312K), 7 survivors (7168K)
 Metaspace       used 118203K, committed 120320K, reserved 1179648K
  class space    used 16514K, committed 17536K, reserved 1048576K
}
Event: 52.820 GC heap after
{Heap after GC invocations=50 (full 0):
 garbage-first heap   total 175104K, used 118310K [0x0000000080000000, 0x0000000100000000)
  region size 1024K, 3 young (3072K), 3 survivors (3072K)
 Metaspace       used 118203K, committed 120320K, reserved 1179648K
  class space    used 16514K, committed 17536K, reserved 1048576K
}

