# JRE version: OpenJDK Runtime Environment (21.0.8) (build 21.0.8+-14018985-b1038.68)
# Java VM: OpenJDK 64-Bit Server VM (21.0.8+-14018985-b1038.68, mixed mode, tiered, compressed oops, compressed class ptrs, g1 gc, windows-amd64)
GC Precious Log:
 CardTable entry size: 512
 Card Set container configuration: InlinePtr #cards 5 size 8 Array Of Cards #cards 12 size 40 Howl #buckets 4 coarsen threshold 1843 Howl Bitmap #cards 512 size 80 coarsen threshold 460 Card regions per heap region 1 cards per card region 2048
 CPUs: 8 total, 8 available
 Memory: 5877M
 Large Page Support: Disabled
 NUMA Support: Disabled
 Compressed Oops: Enabled (32-bit)
 Heap Region Size: 1M
 Heap Min Capacity: 8M
 Heap Initial Capacity: 92M
 Heap Max Capacity: 2G
 Pre-touch: Disabled
 Parallel Workers: 8
 Concurrent Workers: 2
 Concurrent Refinement Workers: 8
 Periodic GC: Disabled
Heap:
 garbage-first heap   total 173056K, used 146459K [0x0000000080000000, 0x0000000100000000)
  region size 1024K, 50 young (51200K), 6 survivors (6144K)
 Metaspace       used 115689K, committed 117888K, reserved 1179648K
  class space    used 16252K, committed 17280K, reserved 1048576K
GC Heap History (20 events):
Event: 43.027 GC heap before
{Heap before GC invocations=38 (full 0):
 garbage-first heap   total 132096K, used 81236K [0x0000000080000000, 0x0000000100000000)
  region size 1024K, 8 young (8192K), 5 survivors (5120K)
 Metaspace       used 85088K, committed 86912K, reserved 1179648K
  class space    used 11711K, committed 12608K, reserved 1048576K
}
Event: 43.032 GC heap after
{Heap after GC invocations=39 (full 0):
 garbage-first heap   total 132096K, used 80506K [0x0000000080000000, 0x0000000100000000)
  region size 1024K, 4 young (4096K), 4 survivors (4096K)
 Metaspace       used 85088K, committed 86912K, reserved 1179648K
  class space    used 11711K, committed 12608K, reserved 1048576K
}
Event: 43.953 GC heap before
{Heap before GC invocations=40 (full 0):
 garbage-first heap   total 143360K, used 122490K [0x0000000080000000, 0x0000000100000000)
  region size 1024K, 40 young (40960K), 4 survivors (4096K)
 Metaspace       used 87001K, committed 88896K, reserved 1179648K
  class space    used 11987K, committed 12864K, reserved 1048576K
}
Event: 43.959 GC heap after
{Heap after GC invocations=41 (full 0):
 garbage-first heap   total 143360K, used 85500K [0x0000000080000000, 0x0000000100000000)
  region size 1024K, 5 young (5120K), 5 survivors (5120K)
 Metaspace       used 87001K, committed 88896K, reserved 1179648K
  class space    used 11987K, committed 12864K, reserved 1048576K
}
Event: 44.816 GC heap before
{Heap before GC invocations=41 (full 0):
 garbage-first heap   total 143360K, used 125436K [0x0000000080000000, 0x0000000100000000)
  region size 1024K, 44 young (45056K), 5 survivors (5120K)
 Metaspace       used 90417K, committed 92288K, reserved 1179648K
  class space    used 12431K, committed 13312K, reserved 1048576K
}
Event: 44.824 GC heap after
{Heap after GC invocations=42 (full 0):
 garbage-first heap   total 143360K, used 86473K [0x0000000080000000, 0x0000000100000000)
  region size 1024K, 3 young (3072K), 3 survivors (3072K)
 Metaspace       used 90417K, committed 92288K, reserved 1179648K
  class space    used 12431K, committed 13312K, reserved 1048576K
}
Event: 45.276 GC heap before
{Heap before GC invocations=42 (full 0):
 garbage-first heap   total 143360K, used 101833K [0x0000000080000000, 0x0000000100000000)
  region size 1024K, 19 young (19456K), 3 survivors (3072K)
 Metaspace       used 92615K, committed 94528K, reserved 1179648K
  class space    used 12720K, committed 13632K, reserved 1048576K
}
Event: 45.279 GC heap after
{Heap after GC invocations=43 (full 0):
 garbage-first heap   total 143360K, used 87170K [0x0000000080000000, 0x0000000100000000)
  region size 1024K, 3 young (3072K), 3 survivors (3072K)
 Metaspace       used 92615K, committed 94528K, reserved 1179648K
  class space    used 12720K, committed 13632K, reserved 1048576K
}
Event: 46.396 GC heap before
{Heap before GC invocations=44 (full 0):
 garbage-first heap   total 152576K, used 131202K [0x0000000080000000, 0x0000000100000000)
  region size 1024K, 44 young (45056K), 3 survivors (3072K)
 Metaspace       used 95834K, committed 97792K, reserved 1179648K
  class space    used 13171K, committed 14144K, reserved 1048576K
}
Event: 46.400 GC heap after
{Heap after GC invocations=45 (full 0):
 garbage-first heap   total 152576K, used 92428K [0x0000000080000000, 0x0000000100000000)
  region size 1024K, 5 young (5120K), 5 survivors (5120K)
 Metaspace       used 95834K, committed 97792K, reserved 1179648K
  class space    used 13171K, committed 14144K, reserved 1048576K
}
Event: 47.272 GC heap before
{Heap before GC invocations=45 (full 0):
 garbage-first heap   total 152576K, used 137484K [0x0000000080000000, 0x0000000100000000)
  region size 1024K, 49 young (50176K), 5 survivors (5120K)
 Metaspace       used 97221K, committed 99200K, reserved 1179648K
  class space    used 13394K, committed 14336K, reserved 1048576K
}
Event: 47.282 GC heap after
{Heap after GC invocations=46 (full 0):
 garbage-first heap   total 152576K, used 96256K [0x0000000080000000, 0x0000000100000000)
  region size 1024K, 7 young (7168K), 7 survivors (7168K)
 Metaspace       used 97221K, committed 99200K, reserved 1179648K
  class space    used 13394K, committed 14336K, reserved 1048576K
}
Event: 48.229 GC heap before
{Heap before GC invocations=46 (full 0):
 garbage-first heap   total 152576K, used 137216K [0x0000000080000000, 0x0000000100000000)
  region size 1024K, 47 young (48128K), 7 survivors (7168K)
 Metaspace       used 100324K, committed 102336K, reserved 1179648K
  class space    used 13822K, committed 14784K, reserved 1048576K
}
Event: 48.236 GC heap after
{Heap after GC invocations=47 (full 0):
 garbage-first heap   total 152576K, used 98579K [0x0000000080000000, 0x0000000100000000)
  region size 1024K, 3 young (3072K), 3 survivors (3072K)
 Metaspace       used 100324K, committed 102336K, reserved 1179648K
  class space    used 13822K, committed 14784K, reserved 1048576K
}
Event: 49.401 GC heap before
{Heap before GC invocations=48 (full 0):
 garbage-first heap   total 165888K, used 138515K [0x0000000080000000, 0x0000000100000000)
  region size 1024K, 42 young (43008K), 3 survivors (3072K)
 Metaspace       used 103430K, committed 105472K, reserved 1179648K
  class space    used 14329K, committed 15296K, reserved 1048576K
}
Event: 49.405 GC heap after
{Heap after GC invocations=49 (full 0):
 garbage-first heap   total 165888K, used 98437K [0x0000000080000000, 0x0000000100000000)
  region size 1024K, 3 young (3072K), 3 survivors (3072K)
 Metaspace       used 103430K, committed 105472K, reserved 1179648K
  class space    used 14329K, committed 15296K, reserved 1048576K
}
Event: 50.984 GC heap before
{Heap before GC invocations=49 (full 0):
 garbage-first heap   total 165888K, used 152709K [0x0000000080000000, 0x0000000100000000)
  region size 1024K, 56 young (57344K), 3 survivors (3072K)
 Metaspace       used 107597K, committed 109632K, reserved 1179648K
  class space    used 15016K, committed 16000K, reserved 1048576K
}
Event: 50.992 GC heap after
{Heap after GC invocations=50 (full 0):
 garbage-first heap   total 165888K, used 99846K [0x0000000080000000, 0x0000000100000000)
  region size 1024K, 6 young (6144K), 6 survivors (6144K)
 Metaspace       used 107597K, committed 109632K, reserved 1179648K
  class space    used 15016K, committed 16000K, reserved 1048576K
}
Event: 53.434 GC heap before
{Heap before GC invocations=50 (full 0):
 garbage-first heap   total 165888K, used 148998K [0x0000000080000000, 0x0000000100000000)
  region size 1024K, 54 young (55296K), 6 survivors (6144K)
 Metaspace       used 111729K, committed 113856K, reserved 1179648K
  class space    used 15647K, committed 16640K, reserved 1048576K
}
Event: 53.497 GC heap after
{Heap after GC invocations=51 (full 0):
 garbage-first heap   total 165888K, used 102427K [0x0000000080000000, 0x0000000100000000)
  region size 1024K, 6 young (6144K), 6 survivors (6144K)
 Metaspace       used 111729K, committed 113856K, reserved 1179648K
  class space    used 15647K, committed 16640K, reserved 1048576K
}

