# JRE version: OpenJDK Runtime Environment (21.0.8) (build 21.0.8+-14018985-b1038.68)
# Java VM: OpenJDK 64-Bit Server VM (21.0.8+-14018985-b1038.68, mixed mode, tiered, compressed oops, compressed class ptrs, g1 gc, windows-amd64)
GC Precious Log:
 CardTable entry size: 512
 Card Set container configuration: InlinePtr #cards 5 size 8 Array Of Cards #cards 12 size 40 Howl #buckets 4 coarsen threshold 1843 Howl Bitmap #cards 512 size 80 coarsen threshold 460 Card regions per heap region 1 cards per card region 2048
 CPUs: 8 total, 8 available
 Memory: 5877M
 Large Page Support: Disabled
 NUMA Support: Disabled
 Compressed Oops: Enabled (32-bit)
 Heap Region Size: 1M
 Heap Min Capacity: 8M
 Heap Initial Capacity: 92M
 Heap Max Capacity: 2G
 Pre-touch: Disabled
 Parallel Workers: 8
 Concurrent Workers: 2
 Concurrent Refinement Workers: 8
 Periodic GC: Disabled
Heap:
 garbage-first heap   total 168960K, used 114984K [0x0000000080000000, 0x0000000100000000)
  region size 1024K, 13 young (13312K), 7 survivors (7168K)
 Metaspace       used 116856K, committed 119040K, reserved 1179648K
  class space    used 16427K, committed 17472K, reserved 1048576K
GC Heap History (20 events):
Event: 20.346 GC heap before
{Heap before GC invocations=39 (full 0):
 garbage-first heap   total 132096K, used 117942K [0x0000000080000000, 0x0000000100000000)
  region size 1024K, 38 young (38912K), 5 survivors (5120K)
 Metaspace       used 88814K, committed 90624K, reserved 1179648K
  class space    used 12243K, committed 13120K, reserved 1048576K
}
Event: 20.352 GC heap after
{Heap after GC invocations=40 (full 0):
 garbage-first heap   total 132096K, used 86484K [0x0000000080000000, 0x0000000100000000)
  region size 1024K, 2 young (2048K), 2 survivors (2048K)
 Metaspace       used 88814K, committed 90624K, reserved 1179648K
  class space    used 12243K, committed 13120K, reserved 1048576K
}
Event: 21.063 GC heap before
{Heap before GC invocations=41 (full 0):
 garbage-first heap   total 145408K, used 123348K [0x0000000080000000, 0x0000000100000000)
  region size 1024K, 35 young (35840K), 2 survivors (2048K)
 Metaspace       used 92594K, committed 94528K, reserved 1179648K
  class space    used 12754K, committed 13696K, reserved 1048576K
}
Event: 21.067 GC heap after
{Heap after GC invocations=42 (full 0):
 garbage-first heap   total 145408K, used 91273K [0x0000000080000000, 0x0000000100000000)
  region size 1024K, 4 young (4096K), 4 survivors (4096K)
 Metaspace       used 92594K, committed 94528K, reserved 1179648K
  class space    used 12754K, committed 13696K, reserved 1048576K
}
Event: 21.853 GC heap before
{Heap before GC invocations=42 (full 0):
 garbage-first heap   total 145408K, used 131209K [0x0000000080000000, 0x0000000100000000)
  region size 1024K, 43 young (44032K), 4 survivors (4096K)
 Metaspace       used 95679K, committed 97600K, reserved 1179648K
  class space    used 13180K, committed 14144K, reserved 1048576K
}
Event: 21.859 GC heap after
{Heap after GC invocations=43 (full 0):
 garbage-first heap   total 145408K, used 92737K [0x0000000080000000, 0x0000000100000000)
  region size 1024K, 4 young (4096K), 4 survivors (4096K)
 Metaspace       used 95679K, committed 97600K, reserved 1179648K
  class space    used 13180K, committed 14144K, reserved 1048576K
}
Event: 22.695 GC heap before
{Heap before GC invocations=43 (full 0):
 garbage-first heap   total 145408K, used 132673K [0x0000000080000000, 0x0000000100000000)
  region size 1024K, 43 young (44032K), 4 survivors (4096K)
 Metaspace       used 97145K, committed 99136K, reserved 1179648K
  class space    used 13414K, committed 14400K, reserved 1048576K
}
Event: 22.701 GC heap after
{Heap after GC invocations=44 (full 0):
 garbage-first heap   total 145408K, used 97138K [0x0000000080000000, 0x0000000100000000)
  region size 1024K, 6 young (6144K), 6 survivors (6144K)
 Metaspace       used 97145K, committed 99136K, reserved 1179648K
  class space    used 13414K, committed 14400K, reserved 1048576K
}
Event: 23.265 GC heap before
{Heap before GC invocations=45 (full 0):
 garbage-first heap   total 162816K, used 129906K [0x0000000080000000, 0x0000000100000000)
  region size 1024K, 38 young (38912K), 6 survivors (6144K)
 Metaspace       used 99180K, committed 101184K, reserved 1179648K
  class space    used 13669K, committed 14656K, reserved 1048576K
}
Event: 23.270 GC heap after
{Heap after GC invocations=46 (full 0):
 garbage-first heap   total 162816K, used 98392K [0x0000000080000000, 0x0000000100000000)
  region size 1024K, 3 young (3072K), 3 survivors (3072K)
 Metaspace       used 99180K, committed 101184K, reserved 1179648K
  class space    used 13669K, committed 14656K, reserved 1048576K
}
Event: 24.334 GC heap before
{Heap before GC invocations=46 (full 0):
 garbage-first heap   total 162816K, used 144472K [0x0000000080000000, 0x0000000100000000)
  region size 1024K, 48 young (49152K), 3 survivors (3072K)
 Metaspace       used 102678K, committed 104704K, reserved 1179648K
  class space    used 14210K, committed 15232K, reserved 1048576K
}
Event: 24.339 GC heap after
{Heap after GC invocations=47 (full 0):
 garbage-first heap   total 162816K, used 98805K [0x0000000080000000, 0x0000000100000000)
  region size 1024K, 5 young (5120K), 5 survivors (5120K)
 Metaspace       used 102678K, committed 104704K, reserved 1179648K
  class space    used 14210K, committed 15232K, reserved 1048576K
}
Event: 26.028 GC heap before
{Heap before GC invocations=47 (full 0):
 garbage-first heap   total 162816K, used 147957K [0x0000000080000000, 0x0000000100000000)
  region size 1024K, 53 young (54272K), 5 survivors (5120K)
 Metaspace       used 106701K, committed 108800K, reserved 1179648K
  class space    used 14902K, committed 15936K, reserved 1048576K
}
Event: 26.034 GC heap after
{Heap after GC invocations=48 (full 0):
 garbage-first heap   total 162816K, used 100754K [0x0000000080000000, 0x0000000100000000)
  region size 1024K, 4 young (4096K), 4 survivors (4096K)
 Metaspace       used 106701K, committed 108800K, reserved 1179648K
  class space    used 14902K, committed 15936K, reserved 1048576K
}
Event: 27.381 GC heap before
{Heap before GC invocations=49 (full 0):
 garbage-first heap   total 168960K, used 148882K [0x0000000080000000, 0x0000000100000000)
  region size 1024K, 51 young (52224K), 4 survivors (4096K)
 Metaspace       used 110145K, committed 112256K, reserved 1179648K
  class space    used 15472K, committed 16512K, reserved 1048576K
}
Event: 27.387 GC heap after
{Heap after GC invocations=50 (full 0):
 garbage-first heap   total 168960K, used 103132K [0x0000000080000000, 0x0000000100000000)
  region size 1024K, 6 young (6144K), 6 survivors (6144K)
 Metaspace       used 110145K, committed 112256K, reserved 1179648K
  class space    used 15472K, committed 16512K, reserved 1048576K
}
Event: 28.585 GC heap before
{Heap before GC invocations=50 (full 0):
 garbage-first heap   total 168960K, used 153308K [0x0000000080000000, 0x0000000100000000)
  region size 1024K, 55 young (56320K), 6 survivors (6144K)
 Metaspace       used 115180K, committed 117376K, reserved 1179648K
  class space    used 16199K, committed 17280K, reserved 1048576K
}
Event: 28.593 GC heap after
{Heap after GC invocations=51 (full 0):
 garbage-first heap   total 168960K, used 104620K [0x0000000080000000, 0x0000000100000000)
  region size 1024K, 5 young (5120K), 5 survivors (5120K)
 Metaspace       used 115180K, committed 117376K, reserved 1179648K
  class space    used 16199K, committed 17280K, reserved 1048576K
}
Event: 29.455 GC heap before
{Heap before GC invocations=51 (full 0):
 garbage-first heap   total 168960K, used 153772K [0x0000000080000000, 0x0000000100000000)
  region size 1024K, 53 young (54272K), 5 survivors (5120K)
 Metaspace       used 116852K, committed 119040K, reserved 1179648K
  class space    used 16427K, committed 17472K, reserved 1048576K
}
Event: 29.463 GC heap after
{Heap after GC invocations=52 (full 0):
 garbage-first heap   total 168960K, used 109864K [0x0000000080000000, 0x0000000100000000)
  region size 1024K, 7 young (7168K), 7 survivors (7168K)
 Metaspace       used 116852K, committed 119040K, reserved 1179648K
  class space    used 16427K, committed 17472K, reserved 1048576K
}

