# JRE version: OpenJDK Runtime Environment (21.0.8) (build 21.0.8+-14018985-b1038.68)
# Java VM: OpenJDK 64-Bit Server VM (21.0.8+-14018985-b1038.68, mixed mode, tiered, compressed oops, compressed class ptrs, g1 gc, windows-amd64)
GC Precious Log:
 CardTable entry size: 512
 Card Set container configuration: InlinePtr #cards 5 size 8 Array Of Cards #cards 12 size 40 Howl #buckets 4 coarsen threshold 1843 Howl Bitmap #cards 512 size 80 coarsen threshold 460 Card regions per heap region 1 cards per card region 2048
 CPUs: 8 total, 8 available
 Memory: 5877M
 Large Page Support: Disabled
 NUMA Support: Disabled
 Compressed Oops: Enabled (32-bit)
 Heap Region Size: 1M
 Heap Min Capacity: 8M
 Heap Initial Capacity: 92M
 Heap Max Capacity: 2G
 Pre-touch: Disabled
 Parallel Workers: 8
 Concurrent Workers: 2
 Concurrent Refinement Workers: 8
 Periodic GC: Disabled
Heap:
 garbage-first heap   total 133120K, used 86726K [0x0000000080000000, 0x0000000100000000)
  region size 1024K, 2 young (2048K), 2 survivors (2048K)
 Metaspace       used 89525K, committed 91392K, reserved 1179648K
  class space    used 12333K, committed 13248K, reserved 1048576K
GC Heap History (20 events):
Event: 17.136 GC heap after
{Heap after GC invocations=27 (full 0):
 garbage-first heap   total 88064K, used 52808K [0x0000000080000000, 0x0000000100000000)
  region size 1024K, 4 young (4096K), 4 survivors (4096K)
 Metaspace       used 72727K, committed 74432K, reserved 1114112K
  class space    used 10223K, committed 11008K, reserved 1048576K
}
Event: 17.285 GC heap before
{Heap before GC invocations=27 (full 0):
 garbage-first heap   total 88064K, used 76360K [0x0000000080000000, 0x0000000100000000)
  region size 1024K, 28 young (28672K), 4 survivors (4096K)
 Metaspace       used 72821K, committed 74496K, reserved 1114112K
  class space    used 10223K, committed 11008K, reserved 1048576K
}
Event: 17.288 GC heap after
{Heap after GC invocations=28 (full 0):
 garbage-first heap   total 106496K, used 53605K [0x0000000080000000, 0x0000000100000000)
  region size 1024K, 4 young (4096K), 4 survivors (4096K)
 Metaspace       used 72821K, committed 74496K, reserved 1114112K
  class space    used 10223K, committed 11008K, reserved 1048576K
}
Event: 17.573 GC heap before
{Heap before GC invocations=29 (full 0):
 garbage-first heap   total 106496K, used 92517K [0x0000000080000000, 0x0000000100000000)
  region size 1024K, 42 young (43008K), 4 survivors (4096K)
 Metaspace       used 72851K, committed 74496K, reserved 1114112K
  class space    used 10223K, committed 11008K, reserved 1048576K
}
Event: 17.576 GC heap after
{Heap after GC invocations=30 (full 0):
 garbage-first heap   total 106496K, used 54394K [0x0000000080000000, 0x0000000100000000)
  region size 1024K, 5 young (5120K), 5 survivors (5120K)
 Metaspace       used 72851K, committed 74496K, reserved 1114112K
  class space    used 10223K, committed 11008K, reserved 1048576K
}
Event: 17.790 GC heap before
{Heap before GC invocations=30 (full 0):
 garbage-first heap   total 106496K, used 93306K [0x0000000080000000, 0x0000000100000000)
  region size 1024K, 43 young (44032K), 5 survivors (5120K)
 Metaspace       used 72856K, committed 74496K, reserved 1114112K
  class space    used 10224K, committed 11008K, reserved 1048576K
}
Event: 17.795 GC heap after
{Heap after GC invocations=31 (full 0):
 garbage-first heap   total 106496K, used 54094K [0x0000000080000000, 0x0000000100000000)
  region size 1024K, 4 young (4096K), 4 survivors (4096K)
 Metaspace       used 72856K, committed 74496K, reserved 1114112K
  class space    used 10224K, committed 11008K, reserved 1048576K
}
Event: 18.047 GC heap before
{Heap before GC invocations=31 (full 0):
 garbage-first heap   total 106496K, used 72526K [0x0000000080000000, 0x0000000100000000)
  region size 1024K, 23 young (23552K), 4 survivors (4096K)
 Metaspace       used 73296K, committed 75072K, reserved 1114112K
  class space    used 10283K, committed 11136K, reserved 1048576K
}
Event: 18.051 GC heap after
{Heap after GC invocations=32 (full 0):
 garbage-first heap   total 106496K, used 56260K [0x0000000080000000, 0x0000000100000000)
  region size 1024K, 4 young (4096K), 4 survivors (4096K)
 Metaspace       used 73296K, committed 75072K, reserved 1114112K
  class space    used 10283K, committed 11136K, reserved 1048576K
}
Event: 18.748 GC heap before
{Heap before GC invocations=33 (full 0):
 garbage-first heap   total 106496K, used 104388K [0x0000000080000000, 0x0000000100000000)
  region size 1024K, 38 young (38912K), 4 survivors (4096K)
 Metaspace       used 75279K, committed 76992K, reserved 1179648K
  class space    used 10518K, committed 11328K, reserved 1048576K
}
Event: 18.752 GC heap after
{Heap after GC invocations=34 (full 0):
 garbage-first heap   total 116736K, used 76762K [0x0000000080000000, 0x0000000100000000)
  region size 1024K, 5 young (5120K), 5 survivors (5120K)
 Metaspace       used 75279K, committed 76992K, reserved 1179648K
  class space    used 10518K, committed 11328K, reserved 1048576K
}
Event: 19.274 GC heap before
{Heap before GC invocations=34 (full 0):
 garbage-first heap   total 116736K, used 103386K [0x0000000080000000, 0x0000000100000000)
  region size 1024K, 32 young (32768K), 5 survivors (5120K)
 Metaspace       used 78083K, committed 79872K, reserved 1179648K
  class space    used 10825K, committed 11712K, reserved 1048576K
}
Event: 19.278 GC heap after
{Heap after GC invocations=35 (full 0):
 garbage-first heap   total 116736K, used 77452K [0x0000000080000000, 0x0000000100000000)
  region size 1024K, 2 young (2048K), 2 survivors (2048K)
 Metaspace       used 78083K, committed 79872K, reserved 1179648K
  class space    used 10825K, committed 11712K, reserved 1048576K
}
Event: 19.756 GC heap before
{Heap before GC invocations=35 (full 0):
 garbage-first heap   total 116736K, used 104076K [0x0000000080000000, 0x0000000100000000)
  region size 1024K, 29 young (29696K), 2 survivors (2048K)
 Metaspace       used 81260K, committed 83072K, reserved 1179648K
  class space    used 11149K, committed 12032K, reserved 1048576K
}
Event: 19.759 GC heap after
{Heap after GC invocations=36 (full 0):
 garbage-first heap   total 116736K, used 78239K [0x0000000080000000, 0x0000000100000000)
  region size 1024K, 2 young (2048K), 2 survivors (2048K)
 Metaspace       used 81260K, committed 83072K, reserved 1179648K
  class space    used 11149K, committed 12032K, reserved 1048576K
}
Event: 20.392 GC heap before
{Heap before GC invocations=37 (full 0):
 garbage-first heap   total 132096K, used 105887K [0x0000000080000000, 0x0000000100000000)
  region size 1024K, 30 young (30720K), 2 survivors (2048K)
 Metaspace       used 84759K, committed 86592K, reserved 1179648K
  class space    used 11699K, committed 12608K, reserved 1048576K
}
Event: 20.396 GC heap after
{Heap after GC invocations=38 (full 0):
 garbage-first heap   total 132096K, used 80510K [0x0000000080000000, 0x0000000100000000)
  region size 1024K, 4 young (4096K), 4 survivors (4096K)
 Metaspace       used 84759K, committed 86592K, reserved 1179648K
  class space    used 11699K, committed 12608K, reserved 1048576K
}
Event: 20.932 GC heap before
{Heap before GC invocations=38 (full 0):
 garbage-first heap   total 132096K, used 122494K [0x0000000080000000, 0x0000000100000000)
  region size 1024K, 40 young (40960K), 4 survivors (4096K)
 Metaspace       used 86887K, committed 88704K, reserved 1179648K
  class space    used 11996K, committed 12864K, reserved 1048576K
}
Event: 20.938 GC heap after
{Heap after GC invocations=39 (full 0):
 garbage-first heap   total 133120K, used 84231K [0x0000000080000000, 0x0000000100000000)
  region size 1024K, 5 young (5120K), 5 survivors (5120K)
 Metaspace       used 86887K, committed 88704K, reserved 1179648K
  class space    used 11996K, committed 12864K, reserved 1048576K
}
Event: 21.658 GC heap before
{Heap before GC invocations=39 (full 0):
 garbage-first heap   total 133120K, used 118023K [0x0000000080000000, 0x0000000100000000)
  region size 1024K, 39 young (39936K), 5 survivors (5120K)
 Metaspace       used 89525K, committed 91392K, reserved 1179648K
  class space    used 12333K, committed 13248K, reserved 1048576K
}

